#
# There is insufficient memory for the Java Runtime Environment to continue.
# Native memory allocation (malloc) failed to allocate 1996016 bytes. Error detail: Chunk::new
# Possible reasons:
#   The system is out of physical RAM or swap space
#   This process is running with CompressedOops enabled, and the Java Heap may be blocking the growth of the native heap
# Possible solutions:
#   Reduce memory load on the system
#   Increase physical memory or swap space
#   Check if swap backing store is full
#   Decrease Java heap size (-Xmx/-Xms)
#   Decrease number of Java threads
#   Decrease Java thread stack sizes (-Xss)
#   Set larger code cache with -XX:ReservedCodeCacheSize=
#   JVM is running with Unscaled Compressed Oops mode in which the Java heap is
#     placed in the first 4GB address space. The Java Heap base address is the
#     maximum limit for the native heap growth. Please use -XX:HeapBaseMinAddress
#     to set the Java Heap base and to place the Java Heap above 4GB virtual address.
# This output file may be truncated or incomplete.
#
#  Out of Memory Error (arena.cpp:191), pid=27396, tid=5112
#
# JRE version: OpenJDK Runtime Environment Temurin-17.0.13+11 (17.0.13+11) (build 17.0.13+11)
# Java VM: OpenJDK 64-Bit Server VM Temurin-17.0.13+11 (17.0.13+11, mixed mode, tiered, compressed oops, compressed class ptrs, parallel gc, windows-amd64)
# No core dump will be written. Minidumps are not enabled by default on client versions of Windows
#

---------------  S U M M A R Y ------------

Command Line: --add-modules=ALL-SYSTEM --add-opens=java.base/java.util=ALL-UNNAMED --add-opens=java.base/java.lang=ALL-UNNAMED --add-opens=java.base/sun.nio.fs=ALL-UNNAMED -Declipse.application=org.eclipse.jdt.ls.core.id1 -Dosgi.bundles.defaultStartLevel=4 -Declipse.product=org.eclipse.jdt.ls.core.product -Djava.import.generatesMetadataFilesAtProjectRoot=false -DDetectVMInstallationsJob.disabled=true -Dfile.encoding=utf8 -XX:+UseParallelGC -XX:GCTimeRatio=4 -XX:AdaptiveSizePolicyWeight=90 -Dsun.zip.disableMemoryMapping=true -Xmx1G -Xms100m -Xlog:disable -javaagent:c:\Users\khong\.vscode\extensions\redhat.java-1.36.0-win32-x64\lombok\lombok-1.18.35.jar -XX:+HeapDumpOnOutOfMemoryError -XX:HeapDumpPath=c:\Users\khong\AppData\Roaming\Code\User\workspaceStorage\a5739c396c8fde81addecc575af19c5d\redhat.java -Daether.dependencyCollector.impl=bf c:\Users\khong\.vscode\extensions\redhat.java-1.36.0-win32-x64\server\plugins\org.eclipse.equinox.launcher_1.6.900.v20240613-2009.jar -configuration c:\Users\khong\AppData\Roaming\Code\User\globalStorage\redhat.java\1.36.0\config_win -data c:\Users\khong\AppData\Roaming\Code\User\workspaceStorage\a5739c396c8fde81addecc575af19c5d\redhat.java\jdt_ws --pipe=\\.\pipe\lsp-5ee95a734324a1a0b1159b3b6a6934cf-sock

Host: 11th Gen Intel(R) Core(TM) i3-1115G4 @ 3.00GHz, 4 cores, 7G,  Windows 11 , 64 bit Build 22621 (10.0.22621.3958)
Time: Tue Nov 12 22:52:06 2024 SE Asia Standard Time elapsed time: 34.504631 seconds (0d 0h 0m 34s)

---------------  T H R E A D  ---------------

Current thread (0x000001d9e2f5bd70):  JavaThread "C2 CompilerThread1" daemon [_thread_in_native, id=5112, stack(0x000000c621600000,0x000000c621700000)]


Current CompileTask:
C2:  34504 13392       4       org.eclipse.jdt.internal.compiler.lookup.BinaryTypeBinding::createAnnotations (59 bytes)

Stack: [0x000000c621600000,0x000000c621700000]
Native frames: (J=compiled Java code, j=interpreted, Vv=VM code, C=native code)
V  [jvm.dll+0x682a19]
V  [jvm.dll+0x839538]
V  [jvm.dll+0x83afe3]
V  [jvm.dll+0x83b653]
V  [jvm.dll+0x24704f]
V  [jvm.dll+0xace34]
V  [jvm.dll+0xad4cc]
V  [jvm.dll+0x36592f]
V  [jvm.dll+0x32fbd8]
V  [jvm.dll+0x32f05a]
V  [jvm.dll+0x21804f]
V  [jvm.dll+0x21748f]
V  [jvm.dll+0x1a3070]
V  [jvm.dll+0x22788c]
V  [jvm.dll+0x2259eb]
V  [jvm.dll+0x7eec98]
V  [jvm.dll+0x7e8ffc]
V  [jvm.dll+0x6818f7]
C  [ucrtbase.dll+0x29333]
C  [KERNEL32.DLL+0x1257d]
C  [ntdll.dll+0x5af08]


---------------  P R O C E S S  ---------------

Threads class SMR info:
_java_thread_list=0x000001d9ed3be7d0, length=51, elements={
0x000001d9c66f1580, 0x000001d9da534020, 0x000001d9da535410, 0x000001d9da54cc10,
0x000001d9da56a820, 0x000001d9da56b1f0, 0x000001d9da56bcc0, 0x000001d9da56e8d0,
0x000001d9da57df30, 0x000001d9df7cd3b0, 0x000001d9c6756480, 0x000001d9dfa47830,
0x000001d9e00e6d00, 0x000001d9e056aed0, 0x000001d9e02d1a70, 0x000001d9e012c150,
0x000001d9e05f3a40, 0x000001d9e08b66a0, 0x000001d9e08b7ae0, 0x000001d9e08b8f20,
0x000001d9e08b8a10, 0x000001d9e08b7ff0, 0x000001d9e08b6bb0, 0x000001d9e08b70c0,
0x000001d9e08b75d0, 0x000001d9e08b8500, 0x000001d9e08b6190, 0x000001d9e1e10820,
0x000001d9e1e0d070, 0x000001d9e1e144e0, 0x000001d9e1e0fe00, 0x000001d9e1e12170,
0x000001d9e1e0dfa0, 0x000001d9e1e10310, 0x000001d9e1e135b0, 0x000001d9e1e12680,
0x000001d9e1e0e9c0, 0x000001d9e1e13ac0, 0x000001d9e1e0da90, 0x000001d9e1e10d30,
0x000001d9e1e0eed0, 0x000001d9e1e0e4b0, 0x000001d9e1e11240, 0x000001d9e1e11750,
0x000001d9e1e12b90, 0x000001d9e1e13fd0, 0x000001d9e1e149f0, 0x000001d9e1e0f3e0,
0x000001d9e08b9940, 0x000001d9ed870d80, 0x000001d9e2f5bd70
}

Java Threads: ( => current thread )
  0x000001d9c66f1580 JavaThread "main" [_thread_blocked, id=18676, stack(0x000000c61f700000,0x000000c61f800000)]
  0x000001d9da534020 JavaThread "Reference Handler" daemon [_thread_blocked, id=9836, stack(0x000000c61fa00000,0x000000c61fb00000)]
  0x000001d9da535410 JavaThread "Finalizer" daemon [_thread_blocked, id=20464, stack(0x000000c61fb00000,0x000000c61fc00000)]
  0x000001d9da54cc10 JavaThread "Signal Dispatcher" daemon [_thread_blocked, id=11532, stack(0x000000c61fc00000,0x000000c61fd00000)]
  0x000001d9da56a820 JavaThread "Attach Listener" daemon [_thread_blocked, id=28012, stack(0x000000c61fd00000,0x000000c61fe00000)]
  0x000001d9da56b1f0 JavaThread "Service Thread" daemon [_thread_blocked, id=9276, stack(0x000000c61fe00000,0x000000c61ff00000)]
  0x000001d9da56bcc0 JavaThread "Monitor Deflation Thread" daemon [_thread_blocked, id=24512, stack(0x000000c61ff00000,0x000000c620000000)]
  0x000001d9da56e8d0 JavaThread "C2 CompilerThread0" daemon [_thread_blocked, id=20000, stack(0x000000c620000000,0x000000c620100000)]
  0x000001d9da57df30 JavaThread "C1 CompilerThread0" daemon [_thread_blocked, id=12516, stack(0x000000c620100000,0x000000c620200000)]
  0x000001d9df7cd3b0 JavaThread "Sweeper thread" daemon [_thread_blocked, id=9264, stack(0x000000c620200000,0x000000c620300000)]
  0x000001d9c6756480 JavaThread "Common-Cleaner" daemon [_thread_blocked, id=20916, stack(0x000000c620300000,0x000000c620400000)]
  0x000001d9dfa47830 JavaThread "Notification Thread" daemon [_thread_blocked, id=24628, stack(0x000000c620400000,0x000000c620500000)]
  0x000001d9e00e6d00 JavaThread "Active Thread: Equinox Container: fc843336-7512-4660-9b80-c256e62d1ba1" [_thread_blocked, id=3820, stack(0x000000c620600000,0x000000c620700000)]
  0x000001d9e056aed0 JavaThread "Refresh Thread: Equinox Container: fc843336-7512-4660-9b80-c256e62d1ba1" daemon [_thread_blocked, id=2460, stack(0x000000c620a00000,0x000000c620b00000)]
  0x000001d9e02d1a70 JavaThread "Framework Event Dispatcher: Equinox Container: fc843336-7512-4660-9b80-c256e62d1ba1" daemon [_thread_blocked, id=2160, stack(0x000000c620b00000,0x000000c620c00000)]
  0x000001d9e012c150 JavaThread "Start Level: Equinox Container: fc843336-7512-4660-9b80-c256e62d1ba1" daemon [_thread_blocked, id=21052, stack(0x000000c620c00000,0x000000c620d00000)]
  0x000001d9e05f3a40 JavaThread "Bundle File Closer" daemon [_thread_blocked, id=17732, stack(0x000000c620e00000,0x000000c620f00000)]
  0x000001d9e08b66a0 JavaThread "SCR Component Actor" daemon [_thread_blocked, id=23796, stack(0x000000c620d00000,0x000000c620e00000)]
  0x000001d9e08b7ae0 JavaThread "Worker-JM" [_thread_blocked, id=18060, stack(0x000000c621000000,0x000000c621100000)]
  0x000001d9e08b8f20 JavaThread "JNA Cleaner" daemon [_thread_blocked, id=7908, stack(0x000000c621100000,0x000000c621200000)]
  0x000001d9e08b8a10 JavaThread "Worker-0" [_thread_blocked, id=20800, stack(0x000000c621200000,0x000000c621300000)]
  0x000001d9e08b7ff0 JavaThread "Worker-1" [_thread_blocked, id=8052, stack(0x000000c621300000,0x000000c621400000)]
  0x000001d9e08b6bb0 JavaThread "Java indexing" daemon [_thread_blocked, id=14164, stack(0x000000c621500000,0x000000c621600000)]
  0x000001d9e08b70c0 JavaThread "Worker-2" [_thread_blocked, id=25188, stack(0x000000c621400000,0x000000c621500000)]
  0x000001d9e08b75d0 JavaThread "Thread-2" daemon [_thread_in_native, id=15672, stack(0x000000c621700000,0x000000c621800000)]
  0x000001d9e08b8500 JavaThread "Thread-3" daemon [_thread_in_native, id=26392, stack(0x000000c621800000,0x000000c621900000)]
  0x000001d9e08b6190 JavaThread "Thread-4" daemon [_thread_in_native, id=17576, stack(0x000000c621900000,0x000000c621a00000)]
  0x000001d9e1e10820 JavaThread "Thread-5" daemon [_thread_in_native, id=12816, stack(0x000000c621a00000,0x000000c621b00000)]
  0x000001d9e1e0d070 JavaThread "Thread-6" daemon [_thread_in_native, id=20684, stack(0x000000c621b00000,0x000000c621c00000)]
  0x000001d9e1e144e0 JavaThread "pool-2-thread-1" [_thread_blocked, id=26428, stack(0x000000c621c00000,0x000000c621d00000)]
  0x000001d9e1e0fe00 JavaThread "Worker-3: Java indexing... " [_thread_blocked, id=17152, stack(0x000000c621d00000,0x000000c621e00000)]
  0x000001d9e1e12170 JavaThread "Worker-4" [_thread_blocked, id=13148, stack(0x000000c621e00000,0x000000c621f00000)]
  0x000001d9e1e0dfa0 JavaThread "Worker-5" [_thread_blocked, id=4020, stack(0x000000c621f00000,0x000000c622000000)]
  0x000001d9e1e10310 JavaThread "WorkspaceEventsHandler" [_thread_blocked, id=5792, stack(0x000000c622000000,0x000000c622100000)]
  0x000001d9e1e135b0 JavaThread "pool-1-thread-1" [_thread_blocked, id=28656, stack(0x000000c622100000,0x000000c622200000)]
  0x000001d9e1e12680 JavaThread "LocalFile Deleter" daemon [_thread_blocked, id=26552, stack(0x000000c620f00000,0x000000c621000000)]
  0x000001d9e1e0e9c0 JavaThread "LocalFile Deleter" daemon [_thread_blocked, id=26296, stack(0x000000c622200000,0x000000c622300000)]
  0x000001d9e1e13ac0 JavaThread "LocalFile Deleter" daemon [_thread_blocked, id=12416, stack(0x000000c622300000,0x000000c622400000)]
  0x000001d9e1e0da90 JavaThread "LocalFile Deleter" daemon [_thread_blocked, id=10760, stack(0x000000c622400000,0x000000c622500000)]
  0x000001d9e1e10d30 JavaThread "Compiler Source File Reader" daemon [_thread_blocked, id=11016, stack(0x000000c622500000,0x000000c622600000)]
  0x000001d9e1e0eed0 JavaThread "Compiler Source File Reader" daemon [_thread_blocked, id=3228, stack(0x000000c622600000,0x000000c622700000)]
  0x000001d9e1e0e4b0 JavaThread "Compiler Processing Task" daemon [_thread_blocked, id=27552, stack(0x000000c622700000,0x000000c622800000)]
  0x000001d9e1e11240 JavaThread "Compiler Class File Writer" daemon [_thread_blocked, id=14396, stack(0x000000c622800000,0x000000c622900000)]
  0x000001d9e1e11750 JavaThread "Compiler Class File Writer" daemon [_thread_blocked, id=10108, stack(0x000000c622900000,0x000000c622a00000)]
  0x000001d9e1e12b90 JavaThread "ForkJoinPool.commonPool-worker-1" daemon [_thread_blocked, id=20724, stack(0x000000c622a00000,0x000000c622b00000)]
  0x000001d9e1e13fd0 JavaThread "ForkJoinPool.commonPool-worker-2" daemon [_thread_blocked, id=18804, stack(0x000000c622b00000,0x000000c622c00000)]
  0x000001d9e1e149f0 JavaThread "Worker-6: Check JDK Index" [_thread_blocked, id=19524, stack(0x000000c622c00000,0x000000c622d00000)]
  0x000001d9e1e0f3e0 JavaThread "ForkJoinPool.commonPool-worker-3" daemon [_thread_in_Java, id=1988, stack(0x000000c622d00000,0x000000c622e00000)]
  0x000001d9e08b9940 JavaThread "Cleaner-0" daemon [_thread_blocked, id=17952, stack(0x000000c622f00000,0x000000c623000000)]
  0x000001d9ed870d80 JavaThread "Worker-7" [_thread_blocked, id=11848, stack(0x000000c623000000,0x000000c623100000)]
=>0x000001d9e2f5bd70 JavaThread "C2 CompilerThread1" daemon [_thread_in_native, id=5112, stack(0x000000c621600000,0x000000c621700000)]

Other Threads:
  0x000001d9da51ebb0 VMThread "VM Thread" [stack: 0x000000c61f900000,0x000000c61fa00000] [id=3828] _threads_hazard_ptr=0x000001d9ed3be7d0
  0x000001d9dfa47d10 WatcherThread [stack: 0x000000c620500000,0x000000c620600000] [id=26160]
  0x000001d9c6708230 GCTaskThread "GC Thread#0" [stack: 0x000000c61f800000,0x000000c61f900000] [id=15580]
  0x000001d9dff2ff40 GCTaskThread "GC Thread#1" [stack: 0x000000c620700000,0x000000c620800000] [id=3524]
  0x000001d9dff30610 GCTaskThread "GC Thread#2" [stack: 0x000000c620800000,0x000000c620900000] [id=18408]
  0x000001d9dff308d0 GCTaskThread "GC Thread#3" [stack: 0x000000c620900000,0x000000c620a00000] [id=21060]

Threads with active compile tasks:
C2 CompilerThread0    34523 13470       4       org.eclipse.jdt.internal.core.NameLookup::seekTypesInWorkingCopies (441 bytes)
C2 CompilerThread1    34523 13392       4       org.eclipse.jdt.internal.compiler.lookup.BinaryTypeBinding::createAnnotations (59 bytes)

VM state: synchronizing (normal execution)

VM Mutex/Monitor currently owned by a thread:  ([mutex/lock_event])
[0x000001d9c66ed7c0] Threads_lock - owner thread: 0x000001d9da51ebb0
[0x000001d9c66edc40] Heap_lock - owner thread: 0x000001d9e1e13fd0

Heap address: 0x00000000c0000000, size: 1024 MB, Compressed Oops mode: 32-bit

CDS archive(s) not mapped
Compressed class space mapped at: 0x0000000100000000-0x0000000140000000, reserved size: 1073741824
Narrow klass base: 0x0000000000000000, Narrow klass shift: 3, Narrow klass range: 0x140000000

GC Precious Log:
 CPUs: 4 total, 4 available
 Memory: 7914M
 Large Page Support: Disabled
 NUMA Support: Disabled
 Compressed Oops: Enabled (32-bit)
 Alignments: Space 512K, Generation 512K, Heap 2M
 Heap Min Capacity: 100M
 Heap Initial Capacity: 100M
 Heap Max Capacity: 1G
 Pre-touch: Disabled
 Parallel Workers: 4

Heap:
 PSYoungGen      total 15872K, used 15603K [0x00000000eab00000, 0x00000000ebd80000, 0x0000000100000000)
  eden space 12800K, 100% used [0x00000000eab00000,0x00000000eb780000,0x00000000eb780000)
  from space 3072K, 91% used [0x00000000eba80000,0x00000000ebd3cc38,0x00000000ebd80000)
  to   space 3072K, 0% used [0x00000000eb780000,0x00000000eb780000,0x00000000eba80000)
 ParOldGen       total 243200K, used 218393K [0x00000000c0000000, 0x00000000ced80000, 0x00000000eab00000)
  object space 243200K, 89% used [0x00000000c0000000,0x00000000cd5466e8,0x00000000ced80000)
 Metaspace       used 78119K, committed 79424K, reserved 1179648K
  class space    used 8076K, committed 8640K, reserved 1048576K

Card table byte_map: [0x000001d9c6080000,0x000001d9c6290000] _byte_map_base: 0x000001d9c5a80000

Marking Bits: (ParMarkBitMap*) 0x00007ffb6ca96940
 Begin Bits: [0x000001d9d8380000, 0x000001d9d9380000)
 End Bits:   [0x000001d9d9380000, 0x000001d9da380000)

Polling page: 0x000001d9c4690000

Metaspace:

Usage:
  Non-class:     68.40 MB used.
      Class:      7.89 MB used.
       Both:     76.29 MB used.

Virtual space:
  Non-class space:      128.00 MB reserved,      69.12 MB ( 54%) committed,  2 nodes.
      Class space:        1.00 GB reserved,       8.44 MB ( <1%) committed,  1 nodes.
             Both:        1.12 GB reserved,      77.56 MB (  7%) committed. 

Chunk freelists:
   Non-Class:  10.70 MB
       Class:  7.39 MB
        Both:  18.09 MB

MaxMetaspaceSize: unlimited
CompressedClassSpaceSize: 1.00 GB
Initial GC threshold: 21.00 MB
Current GC threshold: 129.06 MB
CDS: off
MetaspaceReclaimPolicy: balanced
 - commit_granule_bytes: 65536.
 - commit_granule_words: 8192.
 - virtual_space_node_default_size: 8388608.
 - enlarge_chunks_in_place: 1.
 - new_chunks_are_fully_committed: 0.
 - uncommit_free_chunks: 1.
 - use_allocation_guard: 0.
 - handle_deallocations: 1.


Internal statistics:

num_allocs_failed_limit: 9.
num_arena_births: 978.
num_arena_deaths: 16.
num_vsnodes_births: 3.
num_vsnodes_deaths: 0.
num_space_committed: 1241.
num_space_uncommitted: 0.
num_chunks_returned_to_freelist: 26.
num_chunks_taken_from_freelist: 4357.
num_chunk_merges: 13.
num_chunk_splits: 2638.
num_chunks_enlarged: 1451.
num_inconsistent_stats: 0.

CodeHeap 'non-profiled nmethods': size=120000Kb used=8920Kb max_used=8920Kb free=111079Kb
 bounds [0x000001d9d0e50000, 0x000001d9d1710000, 0x000001d9d8380000]
CodeHeap 'profiled nmethods': size=120000Kb used=23762Kb max_used=23977Kb free=96237Kb
 bounds [0x000001d9c9380000, 0x000001d9caaf0000, 0x000001d9d08b0000]
CodeHeap 'non-nmethods': size=5760Kb used=1412Kb max_used=1532Kb free=4347Kb
 bounds [0x000001d9d08b0000, 0x000001d9d0b20000, 0x000001d9d0e50000]
 total_blobs=11929 nmethods=11171 adapters=670
 compilation: enabled
              stopped_count=0, restarted_count=0
 full_count=0

Compilation events (20 events):
Event: 34.290 Thread 0x000001d9da57df30 nmethod 13460 0x000001d9ca1ed510 code [0x000001d9ca1ed700, 0x000001d9ca1ede58]
Event: 34.290 Thread 0x000001d9da56e8d0 nmethod 13396 0x000001d9d1700c90 code [0x000001d9d1700e20, 0x000001d9d1700f58]
Event: 34.290 Thread 0x000001d9da56e8d0 13395       4       org.eclipse.jdt.internal.compiler.lookup.SignatureWrapper::computeEnd (288 bytes)
Event: 34.290 Thread 0x000001d9da57df30 13461       3       org.eclipse.jdt.internal.compiler.codegen.ConstantPool::literalIndexForType (183 bytes)
Event: 34.291 Thread 0x000001d9da57df30 nmethod 13461 0x000001d9ca86b510 code [0x000001d9ca86b780, 0x000001d9ca86c358]
Event: 34.291 Thread 0x000001d9da57df30 13462       3       org.eclipse.jdt.internal.compiler.lookup.MethodBinding::signature (325 bytes)
Event: 34.292 Thread 0x000001d9da57df30 nmethod 13462 0x000001d9ca869c10 code [0x000001d9ca869ec0, 0x000001d9ca86af48]
Event: 34.292 Thread 0x000001d9da57df30 13463       3       org.eclipse.jdt.internal.compiler.codegen.ConstantPool::putInCacheIfAbsent (213 bytes)
Event: 34.293 Thread 0x000001d9da57df30 nmethod 13463 0x000001d9ca1d9010 code [0x000001d9ca1d92e0, 0x000001d9ca1da108]
Event: 34.293 Thread 0x000001d9da57df30 13464       3       org.eclipse.jdt.internal.compiler.ClassFile::utf8At (156 bytes)
Event: 34.293 Thread 0x000001d9da57df30 nmethod 13464 0x000001d9ca1d8690 code [0x000001d9ca1d8860, 0x000001d9ca1d8dc8]
Event: 34.295 Thread 0x000001d9da56e8d0 nmethod 13395 0x000001d9d1701090 code [0x000001d9d1701220, 0x000001d9d1701538]
Event: 34.295 Thread 0x000001d9da56e8d0 13450       4       org.eclipse.jdt.internal.compiler.lookup.TypeBinding::leafComponentType (2 bytes)
Event: 34.295 Thread 0x000001d9da56e8d0 nmethod 13450 0x000001d9d1701710 code [0x000001d9d1701880, 0x000001d9d17018f8]
Event: 34.427 Thread 0x000001d9da56e8d0 13465       4       org.eclipse.jdt.internal.compiler.codegen.ConstantPool::literalIndex (400 bytes)
Event: 34.458 Thread 0x000001d9da56e8d0 nmethod 13465 0x000001d9d1701a10 code [0x000001d9d1701c20, 0x000001d9d1702f08]
Event: 34.458 Thread 0x000001d9da56e8d0 13467       4       org.eclipse.jdt.internal.compiler.lookup.LookupEnvironment::getCachedType (122 bytes)
Event: 34.492 Thread 0x000001d9da56e8d0 nmethod 13467 0x000001d9d1703a10 code [0x000001d9d1703cc0, 0x000001d9d1704f50]
Event: 34.492 Thread 0x000001d9da56e8d0 13466       4       org.eclipse.jdt.internal.compiler.util.Util::effectivelyEqual (73 bytes)
Event: 34.494 Thread 0x000001d9da56e8d0 nmethod 13466 0x000001d9d1705f90 code [0x000001d9d1706100, 0x000001d9d17061f8]

GC Heap History (20 events):
Event: 33.892 GC heap before
{Heap before GC invocations=268 (full 12):
 PSYoungGen      total 8192K, used 7944K [0x00000000eab00000, 0x00000000eb600000, 0x0000000100000000)
  eden space 6656K, 98% used [0x00000000eab00000,0x00000000eb1654a8,0x00000000eb180000)
  from space 1536K, 90% used [0x00000000eb480000,0x00000000eb5dce70,0x00000000eb600000)
  to   space 2048K, 0% used [0x00000000eb200000,0x00000000eb200000,0x00000000eb400000)
 ParOldGen       total 243200K, used 208495K [0x00000000c0000000, 0x00000000ced80000, 0x00000000eab00000)
  object space 243200K, 85% used [0x00000000c0000000,0x00000000ccb9bf00,0x00000000ced80000)
 Metaspace       used 78007K, committed 79296K, reserved 1179648K
  class space    used 8074K, committed 8640K, reserved 1048576K
}
Event: 33.895 GC heap after
{Heap after GC invocations=268 (full 12):
 PSYoungGen      total 8704K, used 2021K [0x00000000eab00000, 0x00000000eb680000, 0x0000000100000000)
  eden space 6656K, 0% used [0x00000000eab00000,0x00000000eab00000,0x00000000eb180000)
  from space 2048K, 98% used [0x00000000eb200000,0x00000000eb3f97b8,0x00000000eb400000)
  to   space 2560K, 0% used [0x00000000eb400000,0x00000000eb400000,0x00000000eb680000)
 ParOldGen       total 243200K, used 208720K [0x00000000c0000000, 0x00000000ced80000, 0x00000000eab00000)
  object space 243200K, 85% used [0x00000000c0000000,0x00000000ccbd43c0,0x00000000ced80000)
 Metaspace       used 78007K, committed 79296K, reserved 1179648K
  class space    used 8074K, committed 8640K, reserved 1048576K
}
Event: 33.926 GC heap before
{Heap before GC invocations=269 (full 12):
 PSYoungGen      total 8704K, used 8607K [0x00000000eab00000, 0x00000000eb680000, 0x0000000100000000)
  eden space 6656K, 98% used [0x00000000eab00000,0x00000000eb16e608,0x00000000eb180000)
  from space 2048K, 98% used [0x00000000eb200000,0x00000000eb3f97b8,0x00000000eb400000)
  to   space 2560K, 0% used [0x00000000eb400000,0x00000000eb400000,0x00000000eb680000)
 ParOldGen       total 243200K, used 208720K [0x00000000c0000000, 0x00000000ced80000, 0x00000000eab00000)
  object space 243200K, 85% used [0x00000000c0000000,0x00000000ccbd43c0,0x00000000ced80000)
 Metaspace       used 78009K, committed 79296K, reserved 1179648K
  class space    used 8074K, committed 8640K, reserved 1048576K
}
Event: 33.930 GC heap after
{Heap after GC invocations=269 (full 12):
 PSYoungGen      total 8704K, used 1856K [0x00000000eab00000, 0x00000000eb600000, 0x0000000100000000)
  eden space 6656K, 0% used [0x00000000eab00000,0x00000000eab00000,0x00000000eb180000)
  from space 2048K, 90% used [0x00000000eb400000,0x00000000eb5d00a0,0x00000000eb600000)
  to   space 2048K, 0% used [0x00000000eb200000,0x00000000eb200000,0x00000000eb400000)
 ParOldGen       total 243200K, used 209888K [0x00000000c0000000, 0x00000000ced80000, 0x00000000eab00000)
  object space 243200K, 86% used [0x00000000c0000000,0x00000000cccf8148,0x00000000ced80000)
 Metaspace       used 78009K, committed 79296K, reserved 1179648K
  class space    used 8074K, committed 8640K, reserved 1048576K
}
Event: 33.948 GC heap before
{Heap before GC invocations=270 (full 12):
 PSYoungGen      total 8704K, used 8512K [0x00000000eab00000, 0x00000000eb600000, 0x0000000100000000)
  eden space 6656K, 100% used [0x00000000eab00000,0x00000000eb180000,0x00000000eb180000)
  from space 2048K, 90% used [0x00000000eb400000,0x00000000eb5d00a0,0x00000000eb600000)
  to   space 2048K, 0% used [0x00000000eb200000,0x00000000eb200000,0x00000000eb400000)
 ParOldGen       total 243200K, used 209888K [0x00000000c0000000, 0x00000000ced80000, 0x00000000eab00000)
  object space 243200K, 86% used [0x00000000c0000000,0x00000000cccf8148,0x00000000ced80000)
 Metaspace       used 78009K, committed 79296K, reserved 1179648K
  class space    used 8074K, committed 8640K, reserved 1048576K
}
Event: 33.951 GC heap after
{Heap after GC invocations=270 (full 12):
 PSYoungGen      total 9216K, used 2030K [0x00000000eab00000, 0x00000000eb880000, 0x0000000100000000)
  eden space 7168K, 0% used [0x00000000eab00000,0x00000000eab00000,0x00000000eb200000)
  from space 2048K, 99% used [0x00000000eb200000,0x00000000eb3fba18,0x00000000eb400000)
  to   space 3072K, 0% used [0x00000000eb580000,0x00000000eb580000,0x00000000eb880000)
 ParOldGen       total 243200K, used 210567K [0x00000000c0000000, 0x00000000ced80000, 0x00000000eab00000)
  object space 243200K, 86% used [0x00000000c0000000,0x00000000ccda1c18,0x00000000ced80000)
 Metaspace       used 78009K, committed 79296K, reserved 1179648K
  class space    used 8074K, committed 8640K, reserved 1048576K
}
Event: 33.976 GC heap before
{Heap before GC invocations=271 (full 12):
 PSYoungGen      total 9216K, used 9198K [0x00000000eab00000, 0x00000000eb880000, 0x0000000100000000)
  eden space 7168K, 100% used [0x00000000eab00000,0x00000000eb200000,0x00000000eb200000)
  from space 2048K, 99% used [0x00000000eb200000,0x00000000eb3fba18,0x00000000eb400000)
  to   space 3072K, 0% used [0x00000000eb580000,0x00000000eb580000,0x00000000eb880000)
 ParOldGen       total 243200K, used 210567K [0x00000000c0000000, 0x00000000ced80000, 0x00000000eab00000)
  object space 243200K, 86% used [0x00000000c0000000,0x00000000ccda1c18,0x00000000ced80000)
 Metaspace       used 78009K, committed 79296K, reserved 1179648K
  class space    used 8074K, committed 8640K, reserved 1048576K
}
Event: 33.978 GC heap after
{Heap after GC invocations=271 (full 12):
 PSYoungGen      total 10752K, used 1847K [0x00000000eab00000, 0x00000000eb800000, 0x0000000100000000)
  eden space 8192K, 0% used [0x00000000eab00000,0x00000000eab00000,0x00000000eb300000)
  from space 2560K, 72% used [0x00000000eb580000,0x00000000eb74dce8,0x00000000eb800000)
  to   space 2560K, 0% used [0x00000000eb300000,0x00000000eb300000,0x00000000eb580000)
 ParOldGen       total 243200K, used 211884K [0x00000000c0000000, 0x00000000ced80000, 0x00000000eab00000)
  object space 243200K, 87% used [0x00000000c0000000,0x00000000cceeb288,0x00000000ced80000)
 Metaspace       used 78009K, committed 79296K, reserved 1179648K
  class space    used 8074K, committed 8640K, reserved 1048576K
}
Event: 34.001 GC heap before
{Heap before GC invocations=272 (full 12):
 PSYoungGen      total 10752K, used 10032K [0x00000000eab00000, 0x00000000eb800000, 0x0000000100000000)
  eden space 8192K, 99% used [0x00000000eab00000,0x00000000eb2fe710,0x00000000eb300000)
  from space 2560K, 72% used [0x00000000eb580000,0x00000000eb74dce8,0x00000000eb800000)
  to   space 2560K, 0% used [0x00000000eb300000,0x00000000eb300000,0x00000000eb580000)
 ParOldGen       total 243200K, used 211884K [0x00000000c0000000, 0x00000000ced80000, 0x00000000eab00000)
  object space 243200K, 87% used [0x00000000c0000000,0x00000000cceeb288,0x00000000ced80000)
 Metaspace       used 78009K, committed 79296K, reserved 1179648K
  class space    used 8074K, committed 8640K, reserved 1048576K
}
Event: 34.004 GC heap after
{Heap after GC invocations=272 (full 12):
 PSYoungGen      total 10752K, used 2539K [0x00000000eab00000, 0x00000000ebb00000, 0x0000000100000000)
  eden space 8192K, 0% used [0x00000000eab00000,0x00000000eab00000,0x00000000eb300000)
  from space 2560K, 99% used [0x00000000eb300000,0x00000000eb57ad50,0x00000000eb580000)
  to   space 3584K, 0% used [0x00000000eb780000,0x00000000eb780000,0x00000000ebb00000)
 ParOldGen       total 243200K, used 212259K [0x00000000c0000000, 0x00000000ced80000, 0x00000000eab00000)
  object space 243200K, 87% used [0x00000000c0000000,0x00000000ccf48cd8,0x00000000ced80000)
 Metaspace       used 78009K, committed 79296K, reserved 1179648K
  class space    used 8074K, committed 8640K, reserved 1048576K
}
Event: 34.039 GC heap before
{Heap before GC invocations=273 (full 12):
 PSYoungGen      total 10752K, used 10731K [0x00000000eab00000, 0x00000000ebb00000, 0x0000000100000000)
  eden space 8192K, 100% used [0x00000000eab00000,0x00000000eb300000,0x00000000eb300000)
  from space 2560K, 99% used [0x00000000eb300000,0x00000000eb57ad50,0x00000000eb580000)
  to   space 3584K, 0% used [0x00000000eb780000,0x00000000eb780000,0x00000000ebb00000)
 ParOldGen       total 243200K, used 212259K [0x00000000c0000000, 0x00000000ced80000, 0x00000000eab00000)
  object space 243200K, 87% used [0x00000000c0000000,0x00000000ccf48cd8,0x00000000ced80000)
 Metaspace       used 78009K, committed 79296K, reserved 1179648K
  class space    used 8074K, committed 8640K, reserved 1048576K
}
Event: 34.044 GC heap after
{Heap after GC invocations=273 (full 12):
 PSYoungGen      total 11776K, used 2087K [0x00000000eab00000, 0x00000000eba00000, 0x0000000100000000)
  eden space 9216K, 0% used [0x00000000eab00000,0x00000000eab00000,0x00000000eb400000)
  from space 2560K, 81% used [0x00000000eb780000,0x00000000eb989ef0,0x00000000eba00000)
  to   space 2560K, 0% used [0x00000000eb500000,0x00000000eb500000,0x00000000eb780000)
 ParOldGen       total 243200K, used 213847K [0x00000000c0000000, 0x00000000ced80000, 0x00000000eab00000)
  object space 243200K, 87% used [0x00000000c0000000,0x00000000cd0d5f30,0x00000000ced80000)
 Metaspace       used 78009K, committed 79296K, reserved 1179648K
  class space    used 8074K, committed 8640K, reserved 1048576K
}
Event: 34.069 GC heap before
{Heap before GC invocations=274 (full 12):
 PSYoungGen      total 11776K, used 11303K [0x00000000eab00000, 0x00000000eba00000, 0x0000000100000000)
  eden space 9216K, 100% used [0x00000000eab00000,0x00000000eb400000,0x00000000eb400000)
  from space 2560K, 81% used [0x00000000eb780000,0x00000000eb989ef0,0x00000000eba00000)
  to   space 2560K, 0% used [0x00000000eb500000,0x00000000eb500000,0x00000000eb780000)
 ParOldGen       total 243200K, used 213847K [0x00000000c0000000, 0x00000000ced80000, 0x00000000eab00000)
  object space 243200K, 87% used [0x00000000c0000000,0x00000000cd0d5f30,0x00000000ced80000)
 Metaspace       used 78009K, committed 79296K, reserved 1179648K
  class space    used 8074K, committed 8640K, reserved 1048576K
}
Event: 34.073 GC heap after
{Heap after GC invocations=274 (full 12):
 PSYoungGen      total 12800K, used 2498K [0x00000000eab00000, 0x00000000ebb80000, 0x0000000100000000)
  eden space 10240K, 0% used [0x00000000eab00000,0x00000000eab00000,0x00000000eb500000)
  from space 2560K, 97% used [0x00000000eb500000,0x00000000eb770860,0x00000000eb780000)
  to   space 3072K, 0% used [0x00000000eb880000,0x00000000eb880000,0x00000000ebb80000)
 ParOldGen       total 243200K, used 214800K [0x00000000c0000000, 0x00000000ced80000, 0x00000000eab00000)
  object space 243200K, 88% used [0x00000000c0000000,0x00000000cd1c42d0,0x00000000ced80000)
 Metaspace       used 78009K, committed 79296K, reserved 1179648K
  class space    used 8074K, committed 8640K, reserved 1048576K
}
Event: 34.107 GC heap before
{Heap before GC invocations=275 (full 12):
 PSYoungGen      total 12800K, used 12708K [0x00000000eab00000, 0x00000000ebb80000, 0x0000000100000000)
  eden space 10240K, 99% used [0x00000000eab00000,0x00000000eb4f8948,0x00000000eb500000)
  from space 2560K, 97% used [0x00000000eb500000,0x00000000eb770860,0x00000000eb780000)
  to   space 3072K, 0% used [0x00000000eb880000,0x00000000eb880000,0x00000000ebb80000)
 ParOldGen       total 243200K, used 214800K [0x00000000c0000000, 0x00000000ced80000, 0x00000000eab00000)
  object space 243200K, 88% used [0x00000000c0000000,0x00000000cd1c42d0,0x00000000ced80000)
 Metaspace       used 78009K, committed 79296K, reserved 1179648K
  class space    used 8074K, committed 8640K, reserved 1048576K
}
Event: 34.110 GC heap after
{Heap after GC invocations=275 (full 12):
 PSYoungGen      total 13824K, used 2525K [0x00000000eab00000, 0x00000000ebb00000, 0x0000000100000000)
  eden space 11264K, 0% used [0x00000000eab00000,0x00000000eab00000,0x00000000eb600000)
  from space 2560K, 98% used [0x00000000eb880000,0x00000000ebaf7740,0x00000000ebb00000)
  to   space 2560K, 0% used [0x00000000eb600000,0x00000000eb600000,0x00000000eb880000)
 ParOldGen       total 243200K, used 215844K [0x00000000c0000000, 0x00000000ced80000, 0x00000000eab00000)
  object space 243200K, 88% used [0x00000000c0000000,0x00000000cd2c91f0,0x00000000ced80000)
 Metaspace       used 78009K, committed 79296K, reserved 1179648K
  class space    used 8074K, committed 8640K, reserved 1048576K
}
Event: 34.136 GC heap before
{Heap before GC invocations=276 (full 12):
 PSYoungGen      total 13824K, used 13789K [0x00000000eab00000, 0x00000000ebb00000, 0x0000000100000000)
  eden space 11264K, 100% used [0x00000000eab00000,0x00000000eb600000,0x00000000eb600000)
  from space 2560K, 98% used [0x00000000eb880000,0x00000000ebaf7740,0x00000000ebb00000)
  to   space 2560K, 0% used [0x00000000eb600000,0x00000000eb600000,0x00000000eb880000)
 ParOldGen       total 243200K, used 215844K [0x00000000c0000000, 0x00000000ced80000, 0x00000000eab00000)
  object space 243200K, 88% used [0x00000000c0000000,0x00000000cd2c91f0,0x00000000ced80000)
 Metaspace       used 78009K, committed 79296K, reserved 1179648K
  class space    used 8074K, committed 8640K, reserved 1048576K
}
Event: 34.139 GC heap after
{Heap after GC invocations=276 (full 12):
 PSYoungGen      total 13824K, used 2557K [0x00000000eab00000, 0x00000000ebd80000, 0x0000000100000000)
  eden space 11264K, 0% used [0x00000000eab00000,0x00000000eab00000,0x00000000eb600000)
  from space 2560K, 99% used [0x00000000eb600000,0x00000000eb87f458,0x00000000eb880000)
  to   space 3072K, 0% used [0x00000000eba80000,0x00000000eba80000,0x00000000ebd80000)
 ParOldGen       total 243200K, used 217163K [0x00000000c0000000, 0x00000000ced80000, 0x00000000eab00000)
  object space 243200K, 89% used [0x00000000c0000000,0x00000000cd412cb0,0x00000000ced80000)
 Metaspace       used 78009K, committed 79296K, reserved 1179648K
  class space    used 8074K, committed 8640K, reserved 1048576K
}
Event: 34.215 GC heap before
{Heap before GC invocations=277 (full 12):
 PSYoungGen      total 13824K, used 13821K [0x00000000eab00000, 0x00000000ebd80000, 0x0000000100000000)
  eden space 11264K, 100% used [0x00000000eab00000,0x00000000eb600000,0x00000000eb600000)
  from space 2560K, 99% used [0x00000000eb600000,0x00000000eb87f458,0x00000000eb880000)
  to   space 3072K, 0% used [0x00000000eba80000,0x00000000eba80000,0x00000000ebd80000)
 ParOldGen       total 243200K, used 217163K [0x00000000c0000000, 0x00000000ced80000, 0x00000000eab00000)
  object space 243200K, 89% used [0x00000000c0000000,0x00000000cd412cb0,0x00000000ced80000)
 Metaspace       used 78030K, committed 79296K, reserved 1179648K
  class space    used 8075K, committed 8640K, reserved 1048576K
}
Event: 34.222 GC heap after
{Heap after GC invocations=277 (full 12):
 PSYoungGen      total 15872K, used 2803K [0x00000000eab00000, 0x00000000ebd80000, 0x0000000100000000)
  eden space 12800K, 0% used [0x00000000eab00000,0x00000000eab00000,0x00000000eb780000)
  from space 3072K, 91% used [0x00000000eba80000,0x00000000ebd3cc38,0x00000000ebd80000)
  to   space 3072K, 0% used [0x00000000eb780000,0x00000000eb780000,0x00000000eba80000)
 ParOldGen       total 243200K, used 218393K [0x00000000c0000000, 0x00000000ced80000, 0x00000000eab00000)
  object space 243200K, 89% used [0x00000000c0000000,0x00000000cd5466e8,0x00000000ced80000)
 Metaspace       used 78030K, committed 79296K, reserved 1179648K
  class space    used 8075K, committed 8640K, reserved 1048576K
}

Dll operation events (10 events):
Event: 0.013 Loaded shared library c:\Users\khong\.vscode\extensions\redhat.java-1.36.0-win32-x64\jre\17.0.13-win32-x86_64\bin\java.dll
Event: 0.194 Loaded shared library c:\Users\khong\.vscode\extensions\redhat.java-1.36.0-win32-x64\jre\17.0.13-win32-x86_64\bin\zip.dll
Event: 0.197 Loaded shared library C:\Users\khong\.vscode\extensions\redhat.java-1.36.0-win32-x64\jre\17.0.13-win32-x86_64\bin\instrument.dll
Event: 0.217 Loaded shared library C:\Users\khong\.vscode\extensions\redhat.java-1.36.0-win32-x64\jre\17.0.13-win32-x86_64\bin\net.dll
Event: 0.220 Loaded shared library C:\Users\khong\.vscode\extensions\redhat.java-1.36.0-win32-x64\jre\17.0.13-win32-x86_64\bin\nio.dll
Event: 0.228 Loaded shared library C:\Users\khong\.vscode\extensions\redhat.java-1.36.0-win32-x64\jre\17.0.13-win32-x86_64\bin\zip.dll
Event: 0.247 Loaded shared library C:\Users\khong\.vscode\extensions\redhat.java-1.36.0-win32-x64\jre\17.0.13-win32-x86_64\bin\jimage.dll
Event: 0.346 Loaded shared library c:\Users\khong\.vscode\extensions\redhat.java-1.36.0-win32-x64\jre\17.0.13-win32-x86_64\bin\verify.dll
Event: 2.352 Loaded shared library C:\Users\khong\AppData\Roaming\Code\User\globalStorage\redhat.java\1.36.0\config_win\org.eclipse.equinox.launcher\org.eclipse.equinox.launcher.win32.win32.x86_64_1.2.1100.v20240722-2106\eclipse_11904.dll
Event: 4.828 Loaded shared library C:\Users\khong\AppData\Local\Temp\jna-102025195\jna7073166779863020222.dll

Deoptimization events (20 events):
Event: 34.115 Thread 0x000001d9e1e0f3e0 DEOPT PACKING pc=0x000001d9caa97303 sp=0x000000c622dfda40
Event: 34.115 Thread 0x000001d9e1e0f3e0 DEOPT UNPACKING pc=0x000001d9d090a9e3 sp=0x000000c622dfcf38 mode 0
Event: 34.133 Thread 0x000001d9e1e0f3e0 Uncommon trap: trap_request=0xffffff45 fr.pc=0x000001d9d15b9a88 relative=0x0000000000007d48
Event: 34.133 Thread 0x000001d9e1e0f3e0 Uncommon trap: reason=unstable_if action=reinterpret pc=0x000001d9d15b9a88 method=org.eclipse.jdt.internal.compiler.classfmt.ClassFileReader.<init>([B[CZ)V @ 1514 c2
Event: 34.135 Thread 0x000001d9e1e0f3e0 DEOPT PACKING pc=0x000001d9d15b9a88 sp=0x000000c622dfd5d0
Event: 34.135 Thread 0x000001d9e1e0f3e0 DEOPT UNPACKING pc=0x000001d9d0909ea3 sp=0x000000c622dfd580 mode 2
Event: 34.143 Thread 0x000001d9e1e0f3e0 Uncommon trap: trap_request=0xffffff45 fr.pc=0x000001d9d1177a00 relative=0x0000000000000260
Event: 34.143 Thread 0x000001d9e1e0f3e0 Uncommon trap: reason=unstable_if action=reinterpret pc=0x000001d9d1177a00 method=org.eclipse.jdt.internal.compiler.classfmt.ClassFileStruct.utf8At(II)[C @ 46 c2
Event: 34.143 Thread 0x000001d9e1e0f3e0 DEOPT PACKING pc=0x000001d9d1177a00 sp=0x000000c622dfd360
Event: 34.143 Thread 0x000001d9e1e0f3e0 DEOPT UNPACKING pc=0x000001d9d0909ea3 sp=0x000000c622dfd2e0 mode 2
Event: 34.175 Thread 0x000001d9e1e0f3e0 Uncommon trap: trap_request=0xffffff45 fr.pc=0x000001d9d1441340 relative=0x00000000000002a0
Event: 34.175 Thread 0x000001d9e1e0f3e0 Uncommon trap: reason=unstable_if action=reinterpret pc=0x000001d9d1441340 method=java.io.BufferedOutputStream.write([BII)V @ 6 c2
Event: 34.175 Thread 0x000001d9e1e0f3e0 DEOPT PACKING pc=0x000001d9d1441340 sp=0x000000c622dfe6b0
Event: 34.175 Thread 0x000001d9e1e0f3e0 DEOPT UNPACKING pc=0x000001d9d0909ea3 sp=0x000000c622dfe678 mode 2
Event: 34.183 Thread 0x000001d9e1e0f3e0 Uncommon trap: trap_request=0xffffff45 fr.pc=0x000001d9d105f828 relative=0x0000000000001fa8
Event: 34.183 Thread 0x000001d9e1e0f3e0 Uncommon trap: reason=unstable_if action=reinterpret pc=0x000001d9d105f828 method=com.google.gson.stream.JsonWriter.string(Ljava/lang/String;)V @ 104 c2
Event: 34.183 Thread 0x000001d9e1e0f3e0 DEOPT PACKING pc=0x000001d9d105f828 sp=0x000000c622dfe330
Event: 34.183 Thread 0x000001d9e1e0f3e0 DEOPT UNPACKING pc=0x000001d9d0909ea3 sp=0x000000c622dfe318 mode 2
Event: 34.265 Thread 0x000001d9e1e0f3e0 DEOPT PACKING pc=0x000001d9ca989033 sp=0x000000c622dfceb0
Event: 34.265 Thread 0x000001d9e1e0f3e0 DEOPT UNPACKING pc=0x000001d9d090a9e3 sp=0x000000c622dfc350 mode 0

Classes loaded (20 events):
Event: 21.636 Loading class jdk/internal/module/IllegalAccessLogger
Event: 21.636 Loading class jdk/internal/module/IllegalAccessLogger done
Event: 21.883 Loading class java/nio/BufferMismatch
Event: 21.884 Loading class java/nio/BufferMismatch done
Event: 23.457 Loading class jdk/internal/ref/CleanerImpl$InnocuousThreadFactory
Event: 23.457 Loading class jdk/internal/ref/CleanerImpl$InnocuousThreadFactory done
Event: 23.871 Loading class jdk/internal/module/IllegalAccessLogger
Event: 23.871 Loading class jdk/internal/module/IllegalAccessLogger done
Event: 25.978 Loading class jdk/internal/module/IllegalAccessLogger
Event: 25.978 Loading class jdk/internal/module/IllegalAccessLogger done
Event: 32.216 Loading class sun/nio/cs/ISO_8859_1$Encoder
Event: 32.217 Loading class sun/nio/cs/ISO_8859_1$Encoder done
Event: 32.222 Loading class sun/nio/cs/Surrogate$Parser
Event: 32.222 Loading class sun/nio/cs/Surrogate$Parser done
Event: 32.223 Loading class sun/nio/cs/Surrogate
Event: 32.223 Loading class sun/nio/cs/Surrogate done
Event: 34.151 Loading class java/lang/Throwable$WrappedPrintWriter
Event: 34.151 Loading class java/lang/Throwable$PrintStreamOrWriter
Event: 34.151 Loading class java/lang/Throwable$PrintStreamOrWriter done
Event: 34.151 Loading class java/lang/Throwable$WrappedPrintWriter done

Classes unloaded (8 events):
Event: 6.494 Thread 0x000001d9da51ebb0 Unloading class 0x000000010025a000 'java/lang/invoke/LambdaForm$MH+0x000000010025a000'
Event: 6.494 Thread 0x000001d9da51ebb0 Unloading class 0x0000000100259c00 'java/lang/invoke/LambdaForm$MH+0x0000000100259c00'
Event: 6.494 Thread 0x000001d9da51ebb0 Unloading class 0x0000000100259800 'java/lang/invoke/LambdaForm$MH+0x0000000100259800'
Event: 6.494 Thread 0x000001d9da51ebb0 Unloading class 0x0000000100259400 'java/lang/invoke/LambdaForm$MH+0x0000000100259400'
Event: 6.494 Thread 0x000001d9da51ebb0 Unloading class 0x0000000100259000 'java/lang/invoke/LambdaForm$BMH+0x0000000100259000'
Event: 6.494 Thread 0x000001d9da51ebb0 Unloading class 0x0000000100258c00 'java/lang/invoke/LambdaForm$DMH+0x0000000100258c00'
Event: 6.494 Thread 0x000001d9da51ebb0 Unloading class 0x0000000100254400 'java/lang/invoke/LambdaForm$DMH+0x0000000100254400'
Event: 20.520 Thread 0x000001d9da51ebb0 Unloading class 0x0000000100744800 'java/lang/invoke/LambdaForm$DMH+0x0000000100744800'

Classes redefined (0 events):
No events

Internal exceptions (20 events):
Event: 22.840 Thread 0x000001d9e08b7ff0 Exception <a 'sun/nio/fs/WindowsException'{0x00000000eb702e60}> (0x00000000eb702e60) 
thrown [s\src\hotspot\share\prims\jni.cpp, line 516]
Event: 22.840 Thread 0x000001d9e08b7ff0 Exception <a 'sun/nio/fs/WindowsException'{0x00000000eb7039b8}> (0x00000000eb7039b8) 
thrown [s\src\hotspot\share\prims\jni.cpp, line 516]
Event: 22.929 Thread 0x000001d9e1e0f3e0 Exception <a 'java/lang/NoSuchMethodError'{0x00000000eb8b72f8}: 'int java.lang.invoke.DirectMethodHandle$Holder.invokeStatic(java.lang.Object, java.lang.Object, java.lang.Object, int)'> (0x00000000eb8b72f8) 
thrown [s\src\hotspot\share\interpreter\linkResolver.cpp, line 759]
Event: 23.252 Thread 0x000001d9e1e13fd0 Exception <a 'sun/nio/fs/WindowsException'{0x00000000eaf4c758}> (0x00000000eaf4c758) 
thrown [s\src\hotspot\share\prims\jni.cpp, line 516]
Event: 23.252 Thread 0x000001d9e1e13fd0 Exception <a 'sun/nio/fs/WindowsException'{0x00000000eaf4d2d0}> (0x00000000eaf4d2d0) 
thrown [s\src\hotspot\share\prims\jni.cpp, line 516]
Event: 23.252 Thread 0x000001d9e1e13fd0 Exception <a 'sun/nio/fs/WindowsException'{0x00000000eaff9ba0}> (0x00000000eaff9ba0) 
thrown [s\src\hotspot\share\prims\jni.cpp, line 516]
Event: 23.252 Thread 0x000001d9e1e13fd0 Exception <a 'sun/nio/fs/WindowsException'{0x00000000eaffa6f8}> (0x00000000eaffa6f8) 
thrown [s\src\hotspot\share\prims\jni.cpp, line 516]
Event: 23.253 Thread 0x000001d9e1e13fd0 Exception <a 'sun/nio/fs/WindowsException'{0x00000000eaffc7b0}> (0x00000000eaffc7b0) 
thrown [s\src\hotspot\share\prims\jni.cpp, line 516]
Event: 23.253 Thread 0x000001d9e1e13fd0 Exception <a 'sun/nio/fs/WindowsException'{0x00000000eaffd308}> (0x00000000eaffd308) 
thrown [s\src\hotspot\share\prims\jni.cpp, line 516]
Event: 23.256 Thread 0x000001d9e1e13fd0 Exception <a 'sun/nio/fs/WindowsException'{0x00000000eb037978}> (0x00000000eb037978) 
thrown [s\src\hotspot\share\prims\jni.cpp, line 516]
Event: 23.256 Thread 0x000001d9e1e13fd0 Exception <a 'sun/nio/fs/WindowsException'{0x00000000eb0384d0}> (0x00000000eb0384d0) 
thrown [s\src\hotspot\share\prims\jni.cpp, line 516]
Event: 23.675 Thread 0x000001d9e1e0f3e0 Exception <a 'java/lang/NoSuchMethodError'{0x00000000eb1dc818}: 'java.lang.Object java.lang.invoke.DirectMethodHandle$Holder.newInvokeSpecial(java.lang.Object, java.lang.Object, int, java.lang.Object, java.lang.Object, java.lang.Object, java.lang.Object)'> (0x00000000eb1dc818) 
thrown [s\src\hotspot\share\interpreter\linkResolver.cpp, line 759]
Event: 26.889 Thread 0x000001d9e1e0f3e0 Exception <a 'java/lang/ArrayIndexOutOfBoundsException'{0x00000000eb167d88}: Index 382 out of bounds for length 382> (0x00000000eb167d88) 
thrown [s\src\hotspot\share\interpreter\interpreterRuntime.cpp, line 428]
Event: 26.889 Thread 0x000001d9e1e0f3e0 Exception <a 'java/lang/ArrayIndexOutOfBoundsException'{0x00000000eb1683b8}: Index 382 out of bounds for length 382> (0x00000000eb1683b8) 
thrown [s\src\hotspot\share\interpreter\interpreterRuntime.cpp, line 428]
Event: 26.889 Thread 0x000001d9e1e0f3e0 Exception <a 'java/lang/ArrayIndexOutOfBoundsException'{0x00000000eb168740}: Index 383 out of bounds for length 382> (0x00000000eb168740) 
thrown [s\src\hotspot\share\interpreter\interpreterRuntime.cpp, line 428]
Event: 28.516 Thread 0x000001d9e1e13fd0 Implicit null exception at 0x000001d9d1652ed3 to 0x000001d9d1658560
Event: 32.445 Thread 0x000001d9ed870d80 Implicit null exception at 0x000001d9d13e4da6 to 0x000001d9d13e4dcf
Event: 34.191 Thread 0x000001d9e1e13fd0 Exception <a 'java/lang/ArrayIndexOutOfBoundsException'{0x00000000eb26c600}: Index 382 out of bounds for length 382> (0x00000000eb26c600) 
thrown [s\src\hotspot\share\interpreter\interpreterRuntime.cpp, line 428]
Event: 34.191 Thread 0x000001d9e1e13fd0 Exception <a 'java/lang/ArrayIndexOutOfBoundsException'{0x00000000eb26cc30}: Index 382 out of bounds for length 382> (0x00000000eb26cc30) 
thrown [s\src\hotspot\share\interpreter\interpreterRuntime.cpp, line 428]
Event: 34.191 Thread 0x000001d9e1e13fd0 Exception <a 'java/lang/ArrayIndexOutOfBoundsException'{0x00000000eb26cfb8}: Index 383 out of bounds for length 382> (0x00000000eb26cfb8) 
thrown [s\src\hotspot\share\interpreter\interpreterRuntime.cpp, line 428]

VM Operations (20 events):
Event: 33.892 Executing VM operation: ParallelGCFailedAllocation
Event: 33.895 Executing VM operation: ParallelGCFailedAllocation done
Event: 33.926 Executing VM operation: ParallelGCFailedAllocation
Event: 33.931 Executing VM operation: ParallelGCFailedAllocation done
Event: 33.948 Executing VM operation: ParallelGCFailedAllocation
Event: 33.951 Executing VM operation: ParallelGCFailedAllocation done
Event: 33.976 Executing VM operation: ParallelGCFailedAllocation
Event: 33.978 Executing VM operation: ParallelGCFailedAllocation done
Event: 34.000 Executing VM operation: ParallelGCFailedAllocation
Event: 34.004 Executing VM operation: ParallelGCFailedAllocation done
Event: 34.039 Executing VM operation: ParallelGCFailedAllocation
Event: 34.044 Executing VM operation: ParallelGCFailedAllocation done
Event: 34.069 Executing VM operation: ParallelGCFailedAllocation
Event: 34.073 Executing VM operation: ParallelGCFailedAllocation done
Event: 34.107 Executing VM operation: ParallelGCFailedAllocation
Event: 34.110 Executing VM operation: ParallelGCFailedAllocation done
Event: 34.136 Executing VM operation: ParallelGCFailedAllocation
Event: 34.139 Executing VM operation: ParallelGCFailedAllocation done
Event: 34.210 Executing VM operation: ParallelGCFailedAllocation
Event: 34.222 Executing VM operation: ParallelGCFailedAllocation done

Memory protections (0 events):
No events

Nmethod flushes (20 events):
Event: 28.544 Thread 0x000001d9df7cd3b0 flushing  nmethod 0x000001d9ca94ff90
Event: 28.544 Thread 0x000001d9df7cd3b0 flushing  nmethod 0x000001d9ca950990
Event: 28.544 Thread 0x000001d9df7cd3b0 flushing  nmethod 0x000001d9ca966610
Event: 28.544 Thread 0x000001d9df7cd3b0 flushing  nmethod 0x000001d9ca98ba10
Event: 28.544 Thread 0x000001d9df7cd3b0 flushing  nmethod 0x000001d9caa03990
Event: 28.544 Thread 0x000001d9df7cd3b0 flushing  nmethod 0x000001d9caa05b10
Event: 28.544 Thread 0x000001d9df7cd3b0 flushing  nmethod 0x000001d9caa21410
Event: 28.544 Thread 0x000001d9df7cd3b0 flushing  nmethod 0x000001d9caa22010
Event: 28.544 Thread 0x000001d9df7cd3b0 flushing  nmethod 0x000001d9caa22390
Event: 28.544 Thread 0x000001d9df7cd3b0 flushing  nmethod 0x000001d9caa22c90
Event: 28.544 Thread 0x000001d9df7cd3b0 flushing  nmethod 0x000001d9caa23d90
Event: 28.544 Thread 0x000001d9df7cd3b0 flushing  nmethod 0x000001d9caa26510
Event: 28.544 Thread 0x000001d9df7cd3b0 flushing  nmethod 0x000001d9caa26a90
Event: 28.544 Thread 0x000001d9df7cd3b0 flushing  nmethod 0x000001d9caa27790
Event: 28.544 Thread 0x000001d9df7cd3b0 flushing  nmethod 0x000001d9caa27b90
Event: 28.544 Thread 0x000001d9df7cd3b0 flushing  nmethod 0x000001d9caa28b90
Event: 28.545 Thread 0x000001d9df7cd3b0 flushing  nmethod 0x000001d9caa29810
Event: 28.545 Thread 0x000001d9df7cd3b0 flushing  nmethod 0x000001d9caa2a310
Event: 28.545 Thread 0x000001d9df7cd3b0 flushing  nmethod 0x000001d9caa2fd10
Event: 28.545 Thread 0x000001d9df7cd3b0 flushing  nmethod 0x000001d9caa38210

Events (20 events):
Event: 18.021 Thread 0x000001d9e1e149f0 Thread exited: 0x000001d9e1e149f0
Event: 18.022 Thread 0x000001d9e1e0f3e0 Thread exited: 0x000001d9e1e0f3e0
Event: 18.022 Thread 0x000001d9e1e0f8f0 Thread exited: 0x000001d9e1e0f8f0
Event: 18.023 Thread 0x000001d9e1e130a0 Thread exited: 0x000001d9e1e130a0
Event: 19.078 Thread 0x000001d9e1e135b0 Thread added: 0x000001d9e1e12b90
Event: 19.082 Thread 0x000001d9e1e12b90 Thread added: 0x000001d9e1e13fd0
Event: 19.758 Thread 0x000001d9e1e12170 Thread added: 0x000001d9e1e149f0
Event: 20.425 Thread 0x000001d9e1e135b0 Thread added: 0x000001d9e1e0f3e0
Event: 20.975 Thread 0x000001d9e08b7ff0 Thread added: 0x000001d9e1e0f8f0
Event: 22.163 Thread 0x000001d9df7d2640 Thread exited: 0x000001d9df7d2640
Event: 22.342 Thread 0x000001d9da57df30 Thread added: 0x000001d9e2f58850
Event: 23.458 Thread 0x000001d9e1e0f3e0 Thread added: 0x000001d9e08b9940
Event: 25.894 Thread 0x000001d9e1e0dfa0 Thread added: 0x000001d9ed870d80
Event: 26.001 Thread 0x000001d9e1e0f8f0 Thread exited: 0x000001d9e1e0f8f0
Event: 30.171 Thread 0x000001d9e2f58850 Thread exited: 0x000001d9e2f58850
Event: 32.090 Thread 0x000001d9da57df30 Thread added: 0x000001d9e2f5bd70
Event: 33.778 Thread 0x000001d9e2f5bd70 Thread exited: 0x000001d9e2f5bd70
Event: 34.023 Thread 0x000001d9da56e8d0 Thread added: 0x000001d9e2f5cd60
Event: 34.151 Thread 0x000001d9e2f5cd60 Thread exited: 0x000001d9e2f5cd60
Event: 34.167 Thread 0x000001d9da57df30 Thread added: 0x000001d9e2f5bd70


Dynamic libraries:
0x00007ff788740000 - 0x00007ff78874e000 	c:\Users\khong\.vscode\extensions\redhat.java-1.36.0-win32-x64\jre\17.0.13-win32-x86_64\bin\java.exe
0x00007ffbcc1b0000 - 0x00007ffbcc3c7000 	C:\WINDOWS\SYSTEM32\ntdll.dll
0x00007ffbcaac0000 - 0x00007ffbcab84000 	C:\WINDOWS\System32\KERNEL32.DLL
0x00007ffbc9600000 - 0x00007ffbc99b7000 	C:\WINDOWS\System32\KERNELBASE.dll
0x00007ffbc99c0000 - 0x00007ffbc9ad1000 	C:\WINDOWS\System32\ucrtbase.dll
0x00007ffbaf360000 - 0x00007ffbaf377000 	c:\Users\khong\.vscode\extensions\redhat.java-1.36.0-win32-x64\jre\17.0.13-win32-x86_64\bin\jli.dll
0x00007ffbc9f90000 - 0x00007ffbca13f000 	C:\WINDOWS\System32\USER32.dll
0x00007ffbc9ae0000 - 0x00007ffbc9b06000 	C:\WINDOWS\System32\win32u.dll
0x00007ffbcbf60000 - 0x00007ffbcbf89000 	C:\WINDOWS\System32\GDI32.dll
0x00007ffbc9dc0000 - 0x00007ffbc9ed8000 	C:\WINDOWS\System32\gdi32full.dll
0x00007ffbc9d20000 - 0x00007ffbc9dba000 	C:\WINDOWS\System32\msvcp_win.dll
0x00007ffbae5c0000 - 0x00007ffbae5de000 	c:\Users\khong\.vscode\extensions\redhat.java-1.36.0-win32-x64\jre\17.0.13-win32-x86_64\bin\VCRUNTIME140.dll
0x00007ffba85a0000 - 0x00007ffba8833000 	C:\WINDOWS\WinSxS\amd64_microsoft.windows.common-controls_6595b64144ccf1df_6.0.22621.3672_none_2713b9d173822955\COMCTL32.dll
0x00007ffbca470000 - 0x00007ffbca517000 	C:\WINDOWS\System32\msvcrt.dll
0x00007ffbcab90000 - 0x00007ffbcabc1000 	C:\WINDOWS\System32\IMM32.DLL
0x00007ffbc20d0000 - 0x00007ffbc20dc000 	c:\Users\khong\.vscode\extensions\redhat.java-1.36.0-win32-x64\jre\17.0.13-win32-x86_64\bin\vcruntime140_1.dll
0x00007ffb7d6d0000 - 0x00007ffb7d75d000 	c:\Users\khong\.vscode\extensions\redhat.java-1.36.0-win32-x64\jre\17.0.13-win32-x86_64\bin\msvcp140.dll
0x00007ffb6bef0000 - 0x00007ffb6cb5b000 	c:\Users\khong\.vscode\extensions\redhat.java-1.36.0-win32-x64\jre\17.0.13-win32-x86_64\bin\server\jvm.dll
0x00007ffbca5a0000 - 0x00007ffbca652000 	C:\WINDOWS\System32\ADVAPI32.dll
0x00007ffbc9ee0000 - 0x00007ffbc9f88000 	C:\WINDOWS\System32\sechost.dll
0x00007ffbc9c80000 - 0x00007ffbc9ca8000 	C:\WINDOWS\System32\bcrypt.dll
0x00007ffbcbf90000 - 0x00007ffbcc0a4000 	C:\WINDOWS\System32\RPCRT4.dll
0x00007ffbca520000 - 0x00007ffbca591000 	C:\WINDOWS\System32\WS2_32.dll
0x00007ffbc9390000 - 0x00007ffbc93dd000 	C:\WINDOWS\SYSTEM32\POWRPROF.dll
0x00007ffbc1f90000 - 0x00007ffbc1fc4000 	C:\WINDOWS\SYSTEM32\WINMM.dll
0x00007ffbbe130000 - 0x00007ffbbe13a000 	C:\WINDOWS\SYSTEM32\VERSION.dll
0x00007ffbc9370000 - 0x00007ffbc9383000 	C:\WINDOWS\SYSTEM32\UMPDC.dll
0x00007ffbc84e0000 - 0x00007ffbc84f8000 	C:\WINDOWS\SYSTEM32\kernel.appcore.dll
0x00007ffbb2d90000 - 0x00007ffbb2d9a000 	c:\Users\khong\.vscode\extensions\redhat.java-1.36.0-win32-x64\jre\17.0.13-win32-x86_64\bin\jimage.dll
0x00007ffbc6d00000 - 0x00007ffbc6f32000 	C:\WINDOWS\SYSTEM32\DBGHELP.DLL
0x00007ffbca710000 - 0x00007ffbcaa9e000 	C:\WINDOWS\System32\combase.dll
0x00007ffbcbe80000 - 0x00007ffbcbf57000 	C:\WINDOWS\System32\OLEAUT32.dll
0x00007ffbbd0c0000 - 0x00007ffbbd0f2000 	C:\WINDOWS\SYSTEM32\dbgcore.DLL
0x00007ffbc9580000 - 0x00007ffbc95fb000 	C:\WINDOWS\System32\bcryptPrimitives.dll
0x00007ffbb2c20000 - 0x00007ffbb2c2e000 	c:\Users\khong\.vscode\extensions\redhat.java-1.36.0-win32-x64\jre\17.0.13-win32-x86_64\bin\instrument.dll
0x00007ffb9c340000 - 0x00007ffb9c365000 	c:\Users\khong\.vscode\extensions\redhat.java-1.36.0-win32-x64\jre\17.0.13-win32-x86_64\bin\java.dll
0x00007ffba1130000 - 0x00007ffba1148000 	c:\Users\khong\.vscode\extensions\redhat.java-1.36.0-win32-x64\jre\17.0.13-win32-x86_64\bin\zip.dll
0x00007ffbcabd0000 - 0x00007ffbcb439000 	C:\WINDOWS\System32\SHELL32.dll
0x00007ffbc73e0000 - 0x00007ffbc7cdf000 	C:\WINDOWS\SYSTEM32\windows.storage.dll
0x00007ffbc72a0000 - 0x00007ffbc73df000 	C:\WINDOWS\SYSTEM32\wintypes.dll
0x00007ffbca310000 - 0x00007ffbca409000 	C:\WINDOWS\System32\SHCORE.dll
0x00007ffbca410000 - 0x00007ffbca46e000 	C:\WINDOWS\System32\shlwapi.dll
0x00007ffbc93f0000 - 0x00007ffbc9417000 	C:\WINDOWS\SYSTEM32\profapi.dll
0x00007ffba1e80000 - 0x00007ffba1e99000 	C:\Users\khong\.vscode\extensions\redhat.java-1.36.0-win32-x64\jre\17.0.13-win32-x86_64\bin\net.dll
0x00007ffbc2c50000 - 0x00007ffbc2d86000 	C:\WINDOWS\SYSTEM32\WINHTTP.dll
0x00007ffbc8980000 - 0x00007ffbc89e9000 	C:\WINDOWS\system32\mswsock.dll
0x00007ffb9c120000 - 0x00007ffb9c136000 	C:\Users\khong\.vscode\extensions\redhat.java-1.36.0-win32-x64\jre\17.0.13-win32-x86_64\bin\nio.dll
0x00007ffbb1a90000 - 0x00007ffbb1aa0000 	c:\Users\khong\.vscode\extensions\redhat.java-1.36.0-win32-x64\jre\17.0.13-win32-x86_64\bin\verify.dll
0x00007ffb9a9a0000 - 0x00007ffb9a9e5000 	C:\Users\khong\AppData\Roaming\Code\User\globalStorage\redhat.java\1.36.0\config_win\org.eclipse.equinox.launcher\org.eclipse.equinox.launcher.win32.win32.x86_64_1.2.1100.v20240722-2106\eclipse_11904.dll
0x00007ffbcb550000 - 0x00007ffbcb6f5000 	C:\WINDOWS\System32\ole32.dll
0x00007ffbc8bd0000 - 0x00007ffbc8beb000 	C:\WINDOWS\SYSTEM32\CRYPTSP.dll
0x00007ffbc8440000 - 0x00007ffbc8475000 	C:\WINDOWS\system32\rsaenh.dll
0x00007ffbc8a70000 - 0x00007ffbc8a98000 	C:\WINDOWS\SYSTEM32\USERENV.dll
0x00007ffbc8bf0000 - 0x00007ffbc8bfc000 	C:\WINDOWS\SYSTEM32\CRYPTBASE.dll
0x00007ffbc7f40000 - 0x00007ffbc7f6d000 	C:\WINDOWS\SYSTEM32\IPHLPAPI.DLL
0x00007ffbca300000 - 0x00007ffbca309000 	C:\WINDOWS\System32\NSI.dll
0x00007ffbc1c50000 - 0x00007ffbc1c69000 	C:\WINDOWS\SYSTEM32\dhcpcsvc6.DLL
0x00007ffbc1c30000 - 0x00007ffbc1c4f000 	C:\WINDOWS\SYSTEM32\dhcpcsvc.DLL
0x00007ffbc7fb0000 - 0x00007ffbc80b2000 	C:\WINDOWS\SYSTEM32\DNSAPI.dll
0x00007ffb93130000 - 0x00007ffb93179000 	C:\Users\khong\AppData\Local\Temp\jna-102025195\jna7073166779863020222.dll
0x00007ffbcb800000 - 0x00007ffbcb808000 	C:\WINDOWS\System32\PSAPI.DLL

dbghelp: loaded successfully - version: 4.0.5 - missing functions: none
symbol engine: initialized successfully - sym options: 0x614 - pdb path: .;c:\Users\khong\.vscode\extensions\redhat.java-1.36.0-win32-x64\jre\17.0.13-win32-x86_64\bin;C:\WINDOWS\SYSTEM32;C:\WINDOWS\WinSxS\amd64_microsoft.windows.common-controls_6595b64144ccf1df_6.0.22621.3672_none_2713b9d173822955;c:\Users\khong\.vscode\extensions\redhat.java-1.36.0-win32-x64\jre\17.0.13-win32-x86_64\bin\server;C:\Users\khong\AppData\Roaming\Code\User\globalStorage\redhat.java\1.36.0\config_win\org.eclipse.equinox.launcher\org.eclipse.equinox.launcher.win32.win32.x86_64_1.2.1100.v20240722-2106;C:\Users\khong\AppData\Local\Temp\jna-102025195

VM Arguments:
jvm_args: --add-modules=ALL-SYSTEM --add-opens=java.base/java.util=ALL-UNNAMED --add-opens=java.base/java.lang=ALL-UNNAMED --add-opens=java.base/sun.nio.fs=ALL-UNNAMED -Declipse.application=org.eclipse.jdt.ls.core.id1 -Dosgi.bundles.defaultStartLevel=4 -Declipse.product=org.eclipse.jdt.ls.core.product -Djava.import.generatesMetadataFilesAtProjectRoot=false -DDetectVMInstallationsJob.disabled=true -Dfile.encoding=utf8 -XX:+UseParallelGC -XX:GCTimeRatio=4 -XX:AdaptiveSizePolicyWeight=90 -Dsun.zip.disableMemoryMapping=true -Xmx1G -Xms100m -Xlog:disable -javaagent:c:\Users\khong\.vscode\extensions\redhat.java-1.36.0-win32-x64\lombok\lombok-1.18.35.jar -XX:+HeapDumpOnOutOfMemoryError -XX:HeapDumpPath=c:\Users\khong\AppData\Roaming\Code\User\workspaceStorage\a5739c396c8fde81addecc575af19c5d\redhat.java -Daether.dependencyCollector.impl=bf 
java_command: c:\Users\khong\.vscode\extensions\redhat.java-1.36.0-win32-x64\server\plugins\org.eclipse.equinox.launcher_1.6.900.v20240613-2009.jar -configuration c:\Users\khong\AppData\Roaming\Code\User\globalStorage\redhat.java\1.36.0\config_win -data c:\Users\khong\AppData\Roaming\Code\User\workspaceStorage\a5739c396c8fde81addecc575af19c5d\redhat.java\jdt_ws --pipe=\\.\pipe\lsp-5ee95a734324a1a0b1159b3b6a6934cf-sock
java_class_path (initial): c:\Users\khong\.vscode\extensions\redhat.java-1.36.0-win32-x64\server\plugins\org.eclipse.equinox.launcher_1.6.900.v20240613-2009.jar
Launcher Type: SUN_STANDARD

[Global flags]
    uintx AdaptiveSizePolicyWeight                 = 90                                        {product} {command line}
     intx CICompilerCount                          = 3                                         {product} {ergonomic}
    uintx GCTimeRatio                              = 4                                         {product} {command line}
     bool HeapDumpOnOutOfMemoryError               = true                                   {manageable} {command line}
    ccstr HeapDumpPath                             = c:\Users\khong\AppData\Roaming\Code\User\workspaceStorage\a5739c396c8fde81addecc575af19c5d\redhat.java         {manageable} {command line}
   size_t InitialHeapSize                          = 104857600                                 {product} {command line}
   size_t MaxHeapSize                              = 1073741824                                {product} {command line}
   size_t MaxNewSize                               = 357564416                                 {product} {ergonomic}
   size_t MinHeapDeltaBytes                        = 524288                                    {product} {ergonomic}
   size_t MinHeapSize                              = 104857600                                 {product} {command line}
   size_t NewSize                                  = 34603008                                  {product} {ergonomic}
    uintx NonNMethodCodeHeapSize                   = 5832780                                {pd product} {ergonomic}
    uintx NonProfiledCodeHeapSize                  = 122912730                              {pd product} {ergonomic}
   size_t OldSize                                  = 70254592                                  {product} {ergonomic}
    uintx ProfiledCodeHeapSize                     = 122912730                              {pd product} {ergonomic}
    uintx ReservedCodeCacheSize                    = 251658240                              {pd product} {ergonomic}
     bool SegmentedCodeCache                       = true                                      {product} {ergonomic}
   size_t SoftMaxHeapSize                          = 1073741824                             {manageable} {ergonomic}
     bool UseCompressedClassPointers               = true                           {product lp64_product} {ergonomic}
     bool UseCompressedOops                        = true                           {product lp64_product} {ergonomic}
     bool UseLargePagesIndividualAllocation        = false                                  {pd product} {ergonomic}
     bool UseParallelGC                            = true                                      {product} {command line}

Logging:
Log output configuration:
 #0: stdout all=off uptime,level,tags
 #1: stderr all=off uptime,level,tags

Environment Variables:
PATH=C:\Program Files\Common Files\Oracle\Java\javapath;C:\WINDOWS\system32;C:\WINDOWS;C:\WINDOWS\System32\Wbem;C:\WINDOWS\System32\WindowsPowerShell\v1.0\;C:\WINDOWS\System32\OpenSSH\;C:\MinGW\bin;C:\Program Files\MiKTeX\miktex\bin\x64\;D:\JAVA\bin;C:\Program Files\Git\cmd;C:\Users\khong\cabal\bin;C:\Program Files\dotnet;C:\Program Files (x86)\Microsoft SQL Server\160\Tools\Binn\;C:\Program Files\Microsoft SQL Server\160\Tools\Binn\;C:\Program Files\Microsoft SQL Server\Client SDK\ODBC\170\Tools\Binn\;C:\Program Files\Microsoft SQL Server\160\DTS\Binn\;D:\Golang\bin;D:\GCC\bin;D:\GCC2\bin;C:\ProgramData\chocolatey\bin;D:\Node\node.exe;D:\Python\Scripts\;D:\Python\;C:\Program Files\Java\jdk-21\bin;C:\Program Files (x86)\Dev-Cpp\MinGW64\bin;C:\Program Files (x86)\mingw-w64\i686-8.1.0-posix-dwarf-rt_v6-rev0\mingw32\bin;C:\Program Files (x86)\Dev-Cpp\MinGW64\bin;D:\ghcup\bin;C:\Users\khong\AppData\Local\Programs\Microsoft VS Code\bin;C:\Users\khong\go\bin;D:\Tailwind;D:\Node\node.exe
USERNAME=khong
OS=Windows_NT
PROCESSOR_IDENTIFIER=Intel64 Family 6 Model 140 Stepping 1, GenuineIntel
TMP=C:\Users\khong\AppData\Local\Temp
TEMP=C:\Users\khong\AppData\Local\Temp



Periodic native trim disabled


---------------  S Y S T E M  ---------------

OS:
 Windows 11 , 64 bit Build 22621 (10.0.22621.3958)
OS uptime: 25 days 7:17 hours
Hyper-V role detected

CPU: total 4 (initial active 4) (2 cores per cpu, 2 threads per core) family 6 model 140 stepping 1 microcode 0xb8, cx8, cmov, fxsr, ht, mmx, 3dnowpref, sse, sse2, sse3, ssse3, sse4.1, sse4.2, popcnt, lzcnt, tsc, tscinvbit, avx, avx2, aes, erms, clmul, bmi1, bmi2, adx, avx512f, avx512dq, avx512cd, avx512bw, avx512vl, sha, fma, vzeroupper, avx512_vpopcntdq, avx512_vpclmulqdq, avx512_vaes, avx512_vnni, clflush, clflushopt, clwb, avx512_vbmi2, avx512_vbmi, hv
Processor Information for all 4 processors :
  Max Mhz: 2995, Current Mhz: 2995, Mhz Limit: 2995

Memory: 4k page, system-wide physical 7914M (395M free)
TotalPageFile size 19776M (AvailPageFile size 5M)
current process WorkingSet (physical memory assigned to process): 498M, peak: 498M
current process commit charge ("private bytes"): 517M, peak: 521M

vm_info: OpenJDK 64-Bit Server VM (17.0.13+11) for windows-amd64 JRE (17.0.13+11), built on Oct 16 2024 00:10:08 by "admin" with MS VC++ 17.7 (VS2022)

END.
