#
# There is insufficient memory for the Java Runtime Environment to continue.
# Native memory allocation (malloc) failed to allocate 1004656 bytes. Error detail: Chunk::new
# Possible reasons:
#   The system is out of physical RAM or swap space
#   This process is running with CompressedOops enabled, and the Java Heap may be blocking the growth of the native heap
# Possible solutions:
#   Reduce memory load on the system
#   Increase physical memory or swap space
#   Check if swap backing store is full
#   Decrease Java heap size (-Xmx/-Xms)
#   Decrease number of Java threads
#   Decrease Java thread stack sizes (-Xss)
#   Set larger code cache with -XX:ReservedCodeCacheSize=
#   JVM is running with Unscaled Compressed Oops mode in which the Java heap is
#     placed in the first 4GB address space. The Java Heap base address is the
#     maximum limit for the native heap growth. Please use -XX:HeapBaseMinAddress
#     to set the Java Heap base and to place the Java Heap above 4GB virtual address.
# This output file may be truncated or incomplete.
#
#  Out of Memory Error (arena.cpp:191), pid=6360, tid=18896
#
# JRE version: OpenJDK Runtime Environment Temurin-17.0.13+11 (17.0.13+11) (build 17.0.13+11)
# Java VM: OpenJDK 64-Bit Server VM Temurin-17.0.13+11 (17.0.13+11, mixed mode, tiered, compressed oops, compressed class ptrs, parallel gc, windows-amd64)
# No core dump will be written. Minidumps are not enabled by default on client versions of Windows
#

---------------  S U M M A R Y ------------

Command Line: --add-modules=ALL-SYSTEM --add-opens=java.base/java.util=ALL-UNNAMED --add-opens=java.base/java.lang=ALL-UNNAMED --add-opens=java.base/sun.nio.fs=ALL-UNNAMED -Declipse.application=org.eclipse.jdt.ls.core.id1 -Dosgi.bundles.defaultStartLevel=4 -Declipse.product=org.eclipse.jdt.ls.core.product -Djava.import.generatesMetadataFilesAtProjectRoot=false -DDetectVMInstallationsJob.disabled=true -Dfile.encoding=utf8 -XX:+UseParallelGC -XX:GCTimeRatio=4 -XX:AdaptiveSizePolicyWeight=90 -Dsun.zip.disableMemoryMapping=true -Xmx1G -Xms100m -Xlog:disable -javaagent:c:\Users\khong\.vscode\extensions\redhat.java-1.36.0-win32-x64\lombok\lombok-1.18.35.jar -XX:+HeapDumpOnOutOfMemoryError -XX:HeapDumpPath=c:\Users\khong\AppData\Roaming\Code\User\workspaceStorage\a5739c396c8fde81addecc575af19c5d\redhat.java -Daether.dependencyCollector.impl=bf c:\Users\khong\.vscode\extensions\redhat.java-1.36.0-win32-x64\server\plugins\org.eclipse.equinox.launcher_1.6.900.v20240613-2009.jar -configuration c:\Users\khong\AppData\Roaming\Code\User\globalStorage\redhat.java\1.36.0\config_win -data c:\Users\khong\AppData\Roaming\Code\User\workspaceStorage\a5739c396c8fde81addecc575af19c5d\redhat.java\jdt_ws --pipe=\\.\pipe\lsp-ee906d80356abc25663821b1b621917d-sock

Host: 11th Gen Intel(R) Core(TM) i3-1115G4 @ 3.00GHz, 4 cores, 7G,  Windows 11 , 64 bit Build 22621 (10.0.22621.3958)
Time: Tue Nov 12 22:51:31 2024 SE Asia Standard Time elapsed time: 36.763640 seconds (0d 0h 0m 36s)

---------------  T H R E A D  ---------------

Current thread (0x000001d0e1913f20):  JavaThread "C2 CompilerThread0" daemon [_thread_in_native, id=18896, stack(0x0000006265100000,0x0000006265200000)]


Current CompileTask:
C2:  36763 12627   !   4       org.eclipse.jdt.internal.compiler.classfmt.ClassFileReader::<init> (2119 bytes)

Stack: [0x0000006265100000,0x0000006265200000]
Native frames: (J=compiled Java code, j=interpreted, Vv=VM code, C=native code)
V  [jvm.dll+0x682a19]
V  [jvm.dll+0x839538]
V  [jvm.dll+0x83afe3]
V  [jvm.dll+0x83b653]
V  [jvm.dll+0x24704f]
V  [jvm.dll+0xace34]
V  [jvm.dll+0xad4cc]
V  [jvm.dll+0x2ac84f]
V  [jvm.dll+0x588a79]
V  [jvm.dll+0x220ea2]
V  [jvm.dll+0x219cd2]
V  [jvm.dll+0x21738b]
V  [jvm.dll+0x1a3070]
V  [jvm.dll+0x22788c]
V  [jvm.dll+0x2259eb]
V  [jvm.dll+0x7eec98]
V  [jvm.dll+0x7e8ffc]
V  [jvm.dll+0x6818f7]
C  [ucrtbase.dll+0x29333]
C  [KERNEL32.DLL+0x1257d]
C  [ntdll.dll+0x5af08]


---------------  P R O C E S S  ---------------

Threads class SMR info:
_java_thread_list=0x000001d0f4b569f0, length=47, elements={
0x000001d0cda9f7e0, 0x000001d0cdb47fe0, 0x000001d0cdb48ab0, 0x000001d0cdb4cfb0,
0x000001d0cdb4d980, 0x000001d0cdb4e450, 0x000001d0e1911310, 0x000001d0e1913f20,
0x000001d0e6aec610, 0x000001d0e6aef2e0, 0x000001d0e6b6cda0, 0x000001d0e6dd9c70,
0x000001d0e7055000, 0x000001d0e77f7b80, 0x000001d0e795be40, 0x000001d0e7b12020,
0x000001d0e7f90580, 0x000001d0e81c7610, 0x000001d0e81c3e60, 0x000001d0e81c4370,
0x000001d0e81c6bf0, 0x000001d0e81c4880, 0x000001d0e81c52a0, 0x000001d0e81c5cc0,
0x000001d0e81c61d0, 0x000001d0e81c66e0, 0x000001d0e8f59ac0, 0x000001d0e8f57240,
0x000001d0e8f544b0, 0x000001d0e8f55e00, 0x000001d0e8f553e0, 0x000001d0e8f595b0,
0x000001d0e8f5b410, 0x000001d0e8f549c0, 0x000001d0e8f56310, 0x000001d0e8f57c60,
0x000001d0e8f57750, 0x000001d0e8f58170, 0x000001d0e8f58680, 0x000001d0e8f59fd0,
0x000001d0e8f58b90, 0x000001d0e8f5be30, 0x000001d0e8f5a9f0, 0x000001d0e8f590a0,
0x000001d0e8f56d30, 0x000001d0e8f5a4e0, 0x000001d0e8f5af00
}

Java Threads: ( => current thread )
  0x000001d0cda9f7e0 JavaThread "main" [_thread_blocked, id=17556, stack(0x0000006264800000,0x0000006264900000)]
  0x000001d0cdb47fe0 JavaThread "Reference Handler" daemon [_thread_blocked, id=7968, stack(0x0000006264b00000,0x0000006264c00000)]
  0x000001d0cdb48ab0 JavaThread "Finalizer" daemon [_thread_blocked, id=28276, stack(0x0000006264c00000,0x0000006264d00000)]
  0x000001d0cdb4cfb0 JavaThread "Signal Dispatcher" daemon [_thread_blocked, id=26088, stack(0x0000006264d00000,0x0000006264e00000)]
  0x000001d0cdb4d980 JavaThread "Attach Listener" daemon [_thread_blocked, id=23748, stack(0x0000006264e00000,0x0000006264f00000)]
  0x000001d0cdb4e450 JavaThread "Service Thread" daemon [_thread_blocked, id=15220, stack(0x0000006264f00000,0x0000006265000000)]
  0x000001d0e1911310 JavaThread "Monitor Deflation Thread" daemon [_thread_blocked, id=16728, stack(0x0000006265000000,0x0000006265100000)]
=>0x000001d0e1913f20 JavaThread "C2 CompilerThread0" daemon [_thread_in_native, id=18896, stack(0x0000006265100000,0x0000006265200000)]
  0x000001d0e6aec610 JavaThread "C1 CompilerThread0" daemon [_thread_blocked, id=1692, stack(0x0000006265200000,0x0000006265300000)]
  0x000001d0e6aef2e0 JavaThread "Sweeper thread" daemon [_thread_blocked, id=8728, stack(0x0000006265300000,0x0000006265400000)]
  0x000001d0e6b6cda0 JavaThread "Common-Cleaner" daemon [_thread_blocked, id=7588, stack(0x0000006265400000,0x0000006265500000)]
  0x000001d0e6dd9c70 JavaThread "Notification Thread" daemon [_thread_blocked, id=26892, stack(0x0000006265500000,0x0000006265600000)]
  0x000001d0e7055000 JavaThread "Active Thread: Equinox Container: 77c8e57a-bceb-4fb0-a380-5dddc7dc9d9e" [_thread_blocked, id=10920, stack(0x0000006265b00000,0x0000006265c00000)]
  0x000001d0e77f7b80 JavaThread "Refresh Thread: Equinox Container: 77c8e57a-bceb-4fb0-a380-5dddc7dc9d9e" daemon [_thread_blocked, id=1880, stack(0x0000006265c00000,0x0000006265d00000)]
  0x000001d0e795be40 JavaThread "Framework Event Dispatcher: Equinox Container: 77c8e57a-bceb-4fb0-a380-5dddc7dc9d9e" daemon [_thread_blocked, id=23568, stack(0x0000006265d00000,0x0000006265e00000)]
  0x000001d0e7b12020 JavaThread "Start Level: Equinox Container: 77c8e57a-bceb-4fb0-a380-5dddc7dc9d9e" daemon [_thread_blocked, id=26184, stack(0x0000006265e00000,0x0000006265f00000)]
  0x000001d0e7f90580 JavaThread "Bundle File Closer" daemon [_thread_blocked, id=10560, stack(0x0000006265f00000,0x0000006266000000)]
  0x000001d0e81c7610 JavaThread "SCR Component Actor" daemon [_thread_blocked, id=2784, stack(0x0000006266000000,0x0000006266100000)]
  0x000001d0e81c3e60 JavaThread "Worker-JM" [_thread_blocked, id=9508, stack(0x0000006266200000,0x0000006266300000)]
  0x000001d0e81c4370 JavaThread "JNA Cleaner" daemon [_thread_blocked, id=19640, stack(0x0000006266100000,0x0000006266200000)]
  0x000001d0e81c6bf0 JavaThread "Worker-0" [_thread_blocked, id=6716, stack(0x0000006266300000,0x0000006266400000)]
  0x000001d0e81c4880 JavaThread "Worker-1" [_thread_blocked, id=5060, stack(0x0000006266400000,0x0000006266500000)]
  0x000001d0e81c52a0 JavaThread "Java indexing" daemon [_thread_in_Java, id=26460, stack(0x0000006266600000,0x0000006266700000)]
  0x000001d0e81c5cc0 JavaThread "Worker-2" [_thread_blocked, id=19180, stack(0x0000006266700000,0x0000006266800000)]
  0x000001d0e81c61d0 JavaThread "Thread-2" daemon [_thread_in_native, id=8776, stack(0x0000006266800000,0x0000006266900000)]
  0x000001d0e81c66e0 JavaThread "Thread-3" daemon [_thread_in_native, id=11864, stack(0x0000006266900000,0x0000006266a00000)]
  0x000001d0e8f59ac0 JavaThread "Thread-4" daemon [_thread_in_native, id=7988, stack(0x0000006266a00000,0x0000006266b00000)]
  0x000001d0e8f57240 JavaThread "Thread-5" daemon [_thread_in_native, id=6892, stack(0x0000006266b00000,0x0000006266c00000)]
  0x000001d0e8f544b0 JavaThread "Thread-6" daemon [_thread_in_native, id=26776, stack(0x0000006266c00000,0x0000006266d00000)]
  0x000001d0e8f55e00 JavaThread "pool-2-thread-1" [_thread_blocked, id=17400, stack(0x0000006266d00000,0x0000006266e00000)]
  0x000001d0e8f553e0 JavaThread "Worker-3: Java indexing... " [_thread_blocked, id=11176, stack(0x0000006266e00000,0x0000006266f00000)]
  0x000001d0e8f595b0 JavaThread "Worker-4" [_thread_blocked, id=13844, stack(0x0000006266f00000,0x0000006267000000)]
  0x000001d0e8f5b410 JavaThread "WorkspaceEventsHandler" [_thread_blocked, id=16596, stack(0x0000006267000000,0x0000006267100000)]
  0x000001d0e8f549c0 JavaThread "pool-1-thread-1" [_thread_in_Java, id=2824, stack(0x0000006267100000,0x0000006267200000)]
  0x000001d0e8f56310 JavaThread "LocalFile Deleter" daemon [_thread_blocked, id=27036, stack(0x0000006266500000,0x0000006266600000)]
  0x000001d0e8f57c60 JavaThread "LocalFile Deleter" daemon [_thread_blocked, id=6124, stack(0x0000006267200000,0x0000006267300000)]
  0x000001d0e8f57750 JavaThread "LocalFile Deleter" daemon [_thread_blocked, id=11364, stack(0x0000006267300000,0x0000006267400000)]
  0x000001d0e8f58170 JavaThread "LocalFile Deleter" daemon [_thread_blocked, id=19688, stack(0x0000006267400000,0x0000006267500000)]
  0x000001d0e8f58680 JavaThread "Compiler Source File Reader" daemon [_thread_blocked, id=20312, stack(0x0000006267500000,0x0000006267600000)]
  0x000001d0e8f59fd0 JavaThread "Compiler Source File Reader" daemon [_thread_blocked, id=12916, stack(0x0000006267600000,0x0000006267700000)]
  0x000001d0e8f58b90 JavaThread "Compiler Processing Task" daemon [_thread_blocked, id=22464, stack(0x0000006267700000,0x0000006267800000)]
  0x000001d0e8f5be30 JavaThread "Compiler Class File Writer" daemon [_thread_blocked, id=25724, stack(0x0000006267800000,0x0000006267900000)]
  0x000001d0e8f5a9f0 JavaThread "Compiler Class File Writer" daemon [_thread_blocked, id=5604, stack(0x0000006267900000,0x0000006267a00000)]
  0x000001d0e8f590a0 JavaThread "ForkJoinPool.commonPool-worker-1" daemon [_thread_blocked, id=7960, stack(0x0000006267a00000,0x0000006267b00000)]
  0x000001d0e8f56d30 JavaThread "ForkJoinPool.commonPool-worker-2" daemon [_thread_blocked, id=27368, stack(0x0000006267b00000,0x0000006267c00000)]
  0x000001d0e8f5a4e0 JavaThread "ForkJoinPool.commonPool-worker-3" daemon [_thread_blocked, id=4348, stack(0x0000006267c00000,0x0000006267d00000)]
  0x000001d0e8f5af00 JavaThread "Worker-5: Check JDK Index" [_thread_blocked, id=9300, stack(0x0000006267d00000,0x0000006267e00000)]

Other Threads:
  0x000001d0e18d48a0 VMThread "VM Thread" [stack: 0x0000006264a00000,0x0000006264b00000] [id=19580]
  0x000001d0e6ddb370 WatcherThread [stack: 0x0000006265600000,0x0000006265700000] [id=1604]
  0x000001d0cdab6490 GCTaskThread "GC Thread#0" [stack: 0x0000006264900000,0x0000006264a00000] [id=17756]
  0x000001d0e70557f0 GCTaskThread "GC Thread#1" [stack: 0x0000006265800000,0x0000006265900000] [id=24376]
  0x000001d0e7055ab0 GCTaskThread "GC Thread#2" [stack: 0x0000006265900000,0x0000006265a00000] [id=5552]
  0x000001d0e7851870 GCTaskThread "GC Thread#3" [stack: 0x0000006265a00000,0x0000006265b00000] [id=20732]

Threads with active compile tasks:
C2 CompilerThread0    36788 12627   !   4       org.eclipse.jdt.internal.compiler.classfmt.ClassFileReader::<init> (2119 bytes)

VM state: not at safepoint (normal execution)

VM Mutex/Monitor currently owned by a thread: None

Heap address: 0x00000000c0000000, size: 1024 MB, Compressed Oops mode: 32-bit

CDS archive(s) not mapped
Compressed class space mapped at: 0x0000000100000000-0x0000000140000000, reserved size: 1073741824
Narrow klass base: 0x0000000000000000, Narrow klass shift: 3, Narrow klass range: 0x140000000

GC Precious Log:
 CPUs: 4 total, 4 available
 Memory: 7914M
 Large Page Support: Disabled
 NUMA Support: Disabled
 Compressed Oops: Enabled (32-bit)
 Alignments: Space 512K, Generation 512K, Heap 2M
 Heap Min Capacity: 100M
 Heap Initial Capacity: 100M
 Heap Max Capacity: 1G
 Pre-touch: Disabled
 Parallel Workers: 4

Heap:
 PSYoungGen      total 13824K, used 12969K [0x00000000eab00000, 0x00000000ec280000, 0x0000000100000000)
  eden space 8192K, 89% used [0x00000000eab00000,0x00000000eb22b860,0x00000000eb300000)
  from space 5632K, 99% used [0x00000000eba00000,0x00000000ebf7ecb0,0x00000000ebf80000)
  to   space 7168K, 0% used [0x00000000eb300000,0x00000000eb300000,0x00000000eba00000)
 ParOldGen       total 364032K, used 327545K [0x00000000c0000000, 0x00000000d6380000, 0x00000000eab00000)
  object space 364032K, 89% used [0x00000000c0000000,0x00000000d3fde428,0x00000000d6380000)
 Metaspace       used 75428K, committed 76736K, reserved 1179648K
  class space    used 7887K, committed 8512K, reserved 1048576K

Card table byte_map: [0x000001d0cd450000,0x000001d0cd660000] _byte_map_base: 0x000001d0cce50000

Marking Bits: (ParMarkBitMap*) 0x00007ffb6ca96940
 Begin Bits: [0x000001d0df730000, 0x000001d0e0730000)
 End Bits:   [0x000001d0e0730000, 0x000001d0e1730000)

Polling page: 0x000001d0cba90000

Metaspace:

Usage:
  Non-class:     65.96 MB used.
      Class:      7.70 MB used.
       Both:     73.66 MB used.

Virtual space:
  Non-class space:      128.00 MB reserved,      66.62 MB ( 52%) committed,  2 nodes.
      Class space:        1.00 GB reserved,       8.31 MB ( <1%) committed,  1 nodes.
             Both:        1.12 GB reserved,      74.94 MB (  7%) committed. 

Chunk freelists:
   Non-Class:  12.89 MB
       Class:  7.56 MB
        Both:  20.45 MB

MaxMetaspaceSize: unlimited
CompressedClassSpaceSize: 1.00 GB
Initial GC threshold: 21.00 MB
Current GC threshold: 124.94 MB
CDS: off
MetaspaceReclaimPolicy: balanced
 - commit_granule_bytes: 65536.
 - commit_granule_words: 8192.
 - virtual_space_node_default_size: 8388608.
 - enlarge_chunks_in_place: 1.
 - new_chunks_are_fully_committed: 0.
 - uncommit_free_chunks: 1.
 - use_allocation_guard: 0.
 - handle_deallocations: 1.


Internal statistics:

num_allocs_failed_limit: 9.
num_arena_births: 1026.
num_arena_deaths: 28.
num_vsnodes_births: 3.
num_vsnodes_deaths: 0.
num_space_committed: 1199.
num_space_uncommitted: 0.
num_chunks_returned_to_freelist: 43.
num_chunks_taken_from_freelist: 4327.
num_chunk_merges: 14.
num_chunk_splits: 2615.
num_chunks_enlarged: 1428.
num_inconsistent_stats: 0.

CodeHeap 'non-profiled nmethods': size=120000Kb used=7842Kb max_used=8345Kb free=112158Kb
 bounds [0x000001d0d8200000, 0x000001d0d8a30000, 0x000001d0df730000]
CodeHeap 'profiled nmethods': size=120000Kb used=21514Kb max_used=23459Kb free=98485Kb
 bounds [0x000001d0d0730000, 0x000001d0d1e20000, 0x000001d0d7c60000]
CodeHeap 'non-nmethods': size=5760Kb used=1393Kb max_used=1474Kb free=4366Kb
 bounds [0x000001d0d7c60000, 0x000001d0d7ed0000, 0x000001d0d8200000]
 total_blobs=10984 nmethods=10248 adapters=648
 compilation: enabled
              stopped_count=0, restarted_count=0
 full_count=0

Compilation events (20 events):
Event: 35.816 Thread 0x000001d0e6aec610 12624   !   3       org.eclipse.jdt.internal.core.ClassFile::getJarBinaryTypeInfo (323 bytes)
Event: 35.821 Thread 0x000001d0e6aec610 nmethod 12624 0x000001d0d1008d90 code [0x000001d0d1009880, 0x000001d0d1010ea8]
Event: 35.821 Thread 0x000001d0e6aec610 12625       3       org.eclipse.jdt.internal.core.AbstractClassFile::getPath (34 bytes)
Event: 35.822 Thread 0x000001d0e6aec610 nmethod 12625 0x000001d0d10bb610 code [0x000001d0d10bb960, 0x000001d0d10bced8]
Event: 36.147 Thread 0x000001d0e1913f20 nmethod 12616 0x000001d0d88e7e90 code [0x000001d0d88e83a0, 0x000001d0d88ecce0]
Event: 36.147 Thread 0x000001d0e1913f20 12621 % !   4       org.eclipse.jdt.internal.core.ClassFileInfo::generateMethodInfos @ 494 (750 bytes)
Event: 36.162 Thread 0x000001d0e6aec610 12626   !   3       org.eclipse.jdt.internal.compiler.classfmt.ClassFileReader::<init> (2119 bytes)
Event: 36.171 Thread 0x000001d0e6aec610 nmethod 12626 0x000001d0d175c890 code [0x000001d0d175d320, 0x000001d0d17662e8]
Event: 36.642 Thread 0x000001d0e6aec610 12628       3       java.util.zip.ZipFile$Source::close (50 bytes)
Event: 36.642 Thread 0x000001d0e6aec610 nmethod 12628 0x000001d0d08df810 code [0x000001d0d08df9c0, 0x000001d0d08dfba8]
Event: 36.654 Thread 0x000001d0e6aec610 12629 %     3       org.eclipse.jdt.internal.core.index.DiskIndex::computeDocumentNames @ 101 (607 bytes)
Event: 36.658 Thread 0x000001d0e6aec610 nmethod 12629% 0x000001d0d133b390 code [0x000001d0d133b7e0, 0x000001d0d133df68]
Event: 36.659 Thread 0x000001d0e6aec610 12630       3       org.eclipse.jdt.internal.core.index.DiskIndex::computeDocumentNames (607 bytes)
Event: 36.661 Thread 0x000001d0e6aec610 nmethod 12630 0x000001d0d1758c90 code [0x000001d0d17590a0, 0x000001d0d175b608]
Event: 36.689 Thread 0x000001d0e1913f20 nmethod 12621% 0x000001d0d86a1190 code [0x000001d0d86a1ba0, 0x000001d0d86af6b0]
Event: 36.690 Thread 0x000001d0e1913f20 12627   !   4       org.eclipse.jdt.internal.compiler.classfmt.ClassFileReader::<init> (2119 bytes)
Event: 36.714 Thread 0x000001d0e6aec610 12631       3       org.eclipse.jdt.internal.core.util.Util::quickSort (107 bytes)
Event: 36.715 Thread 0x000001d0e6aec610 nmethod 12631 0x000001d0d0943f10 code [0x000001d0d0944120, 0x000001d0d0944938]
Event: 36.757 Thread 0x000001d0e6aec610 12634       3       java.lang.invoke.MethodHandle::viewAsType (33 bytes)
Event: 36.758 Thread 0x000001d0e6aec610 nmethod 12634 0x000001d0d0a6dc90 code [0x000001d0d0a6de40, 0x000001d0d0a6e008]

GC Heap History (20 events):
Event: 36.189 GC heap before
{Heap before GC invocations=345 (full 15):
 PSYoungGen      total 17408K, used 13312K [0x00000000eab00000, 0x00000000ec000000, 0x0000000100000000)
  eden space 13312K, 100% used [0x00000000eab00000,0x00000000eb800000,0x00000000eb800000)
  from space 4096K, 0% used [0x00000000ebc00000,0x00000000ebc00000,0x00000000ec000000)
  to   space 4096K, 0% used [0x00000000eb800000,0x00000000eb800000,0x00000000ebc00000)
 ParOldGen       total 364032K, used 311866K [0x00000000c0000000, 0x00000000d6380000, 0x00000000eab00000)
  object space 364032K, 85% used [0x00000000c0000000,0x00000000d308eb58,0x00000000d6380000)
 Metaspace       used 75424K, committed 76736K, reserved 1179648K
  class space    used 7887K, committed 8512K, reserved 1048576K
}
Event: 36.190 GC heap after
{Heap after GC invocations=345 (full 15):
 PSYoungGen      total 17408K, used 3003K [0x00000000eab00000, 0x00000000ec000000, 0x0000000100000000)
  eden space 13312K, 0% used [0x00000000eab00000,0x00000000eab00000,0x00000000eb800000)
  from space 4096K, 73% used [0x00000000eb800000,0x00000000ebaeee78,0x00000000ebc00000)
  to   space 3584K, 0% used [0x00000000ebc80000,0x00000000ebc80000,0x00000000ec000000)
 ParOldGen       total 364032K, used 311866K [0x00000000c0000000, 0x00000000d6380000, 0x00000000eab00000)
  object space 364032K, 85% used [0x00000000c0000000,0x00000000d308eb58,0x00000000d6380000)
 Metaspace       used 75424K, committed 76736K, reserved 1179648K
  class space    used 7887K, committed 8512K, reserved 1048576K
}
Event: 36.241 GC heap before
{Heap before GC invocations=346 (full 15):
 PSYoungGen      total 17408K, used 16315K [0x00000000eab00000, 0x00000000ec000000, 0x0000000100000000)
  eden space 13312K, 100% used [0x00000000eab00000,0x00000000eb800000,0x00000000eb800000)
  from space 4096K, 73% used [0x00000000eb800000,0x00000000ebaeee78,0x00000000ebc00000)
  to   space 3584K, 0% used [0x00000000ebc80000,0x00000000ebc80000,0x00000000ec000000)
 ParOldGen       total 364032K, used 311866K [0x00000000c0000000, 0x00000000d6380000, 0x00000000eab00000)
  object space 364032K, 85% used [0x00000000c0000000,0x00000000d308eb58,0x00000000d6380000)
 Metaspace       used 75424K, committed 76736K, reserved 1179648K
  class space    used 7887K, committed 8512K, reserved 1048576K
}
Event: 36.245 GC heap after
{Heap after GC invocations=346 (full 15):
 PSYoungGen      total 14848K, used 3582K [0x00000000eab00000, 0x00000000ec600000, 0x0000000100000000)
  eden space 11264K, 0% used [0x00000000eab00000,0x00000000eab00000,0x00000000eb600000)
  from space 3584K, 99% used [0x00000000ebc80000,0x00000000ebfffb50,0x00000000ec000000)
  to   space 6656K, 0% used [0x00000000eb600000,0x00000000eb600000,0x00000000ebc80000)
 ParOldGen       total 364032K, used 314393K [0x00000000c0000000, 0x00000000d6380000, 0x00000000eab00000)
  object space 364032K, 86% used [0x00000000c0000000,0x00000000d33067b0,0x00000000d6380000)
 Metaspace       used 75424K, committed 76736K, reserved 1179648K
  class space    used 7887K, committed 8512K, reserved 1048576K
}
Event: 36.271 GC heap before
{Heap before GC invocations=347 (full 15):
 PSYoungGen      total 14848K, used 14846K [0x00000000eab00000, 0x00000000ec600000, 0x0000000100000000)
  eden space 11264K, 100% used [0x00000000eab00000,0x00000000eb600000,0x00000000eb600000)
  from space 3584K, 99% used [0x00000000ebc80000,0x00000000ebfffb50,0x00000000ec000000)
  to   space 6656K, 0% used [0x00000000eb600000,0x00000000eb600000,0x00000000ebc80000)
 ParOldGen       total 364032K, used 314393K [0x00000000c0000000, 0x00000000d6380000, 0x00000000eab00000)
  object space 364032K, 86% used [0x00000000c0000000,0x00000000d33067b0,0x00000000d6380000)
 Metaspace       used 75424K, committed 76736K, reserved 1179648K
  class space    used 7887K, committed 8512K, reserved 1048576K
}
Event: 36.279 GC heap after
{Heap after GC invocations=347 (full 15):
 PSYoungGen      total 15872K, used 4177K [0x00000000eab00000, 0x00000000ec100000, 0x0000000100000000)
  eden space 11264K, 0% used [0x00000000eab00000,0x00000000eab00000,0x00000000eb600000)
  from space 4608K, 90% used [0x00000000eb600000,0x00000000eba14688,0x00000000eba80000)
  to   space 5120K, 0% used [0x00000000ebc00000,0x00000000ebc00000,0x00000000ec100000)
 ParOldGen       total 364032K, used 316258K [0x00000000c0000000, 0x00000000d6380000, 0x00000000eab00000)
  object space 364032K, 86% used [0x00000000c0000000,0x00000000d34d8848,0x00000000d6380000)
 Metaspace       used 75424K, committed 76736K, reserved 1179648K
  class space    used 7887K, committed 8512K, reserved 1048576K
}
Event: 36.307 GC heap before
{Heap before GC invocations=348 (full 15):
 PSYoungGen      total 15872K, used 15441K [0x00000000eab00000, 0x00000000ec100000, 0x0000000100000000)
  eden space 11264K, 100% used [0x00000000eab00000,0x00000000eb600000,0x00000000eb600000)
  from space 4608K, 90% used [0x00000000eb600000,0x00000000eba14688,0x00000000eba80000)
  to   space 5120K, 0% used [0x00000000ebc00000,0x00000000ebc00000,0x00000000ec100000)
 ParOldGen       total 364032K, used 316258K [0x00000000c0000000, 0x00000000d6380000, 0x00000000eab00000)
  object space 364032K, 86% used [0x00000000c0000000,0x00000000d34d8848,0x00000000d6380000)
 Metaspace       used 75424K, committed 76736K, reserved 1179648K
  class space    used 7887K, committed 8512K, reserved 1048576K
}
Event: 36.312 GC heap after
{Heap after GC invocations=348 (full 15):
 PSYoungGen      total 14336K, used 5116K [0x00000000eab00000, 0x00000000ec700000, 0x0000000100000000)
  eden space 9216K, 0% used [0x00000000eab00000,0x00000000eab00000,0x00000000eb400000)
  from space 5120K, 99% used [0x00000000ebc00000,0x00000000ec0ff298,0x00000000ec100000)
  to   space 8192K, 0% used [0x00000000eb400000,0x00000000eb400000,0x00000000ebc00000)
 ParOldGen       total 364032K, used 318321K [0x00000000c0000000, 0x00000000d6380000, 0x00000000eab00000)
  object space 364032K, 87% used [0x00000000c0000000,0x00000000d36dc6f0,0x00000000d6380000)
 Metaspace       used 75424K, committed 76736K, reserved 1179648K
  class space    used 7887K, committed 8512K, reserved 1048576K
}
Event: 36.353 GC heap before
{Heap before GC invocations=349 (full 15):
 PSYoungGen      total 14336K, used 14332K [0x00000000eab00000, 0x00000000ec700000, 0x0000000100000000)
  eden space 9216K, 100% used [0x00000000eab00000,0x00000000eb400000,0x00000000eb400000)
  from space 5120K, 99% used [0x00000000ebc00000,0x00000000ec0ff298,0x00000000ec100000)
  to   space 8192K, 0% used [0x00000000eb400000,0x00000000eb400000,0x00000000ebc00000)
 ParOldGen       total 364032K, used 318321K [0x00000000c0000000, 0x00000000d6380000, 0x00000000eab00000)
  object space 364032K, 87% used [0x00000000c0000000,0x00000000d36dc6f0,0x00000000d6380000)
 Metaspace       used 75424K, committed 76736K, reserved 1179648K
  class space    used 7887K, committed 8512K, reserved 1048576K
}
Event: 36.359 GC heap after
{Heap after GC invocations=349 (full 15):
 PSYoungGen      total 13824K, used 4432K [0x00000000eab00000, 0x00000000ec000000, 0x0000000100000000)
  eden space 9216K, 0% used [0x00000000eab00000,0x00000000eab00000,0x00000000eb400000)
  from space 4608K, 96% used [0x00000000eb400000,0x00000000eb854180,0x00000000eb880000)
  to   space 5632K, 0% used [0x00000000eba80000,0x00000000eba80000,0x00000000ec000000)
 ParOldGen       total 364032K, used 321039K [0x00000000c0000000, 0x00000000d6380000, 0x00000000eab00000)
  object space 364032K, 88% used [0x00000000c0000000,0x00000000d3983f50,0x00000000d6380000)
 Metaspace       used 75424K, committed 76736K, reserved 1179648K
  class space    used 7887K, committed 8512K, reserved 1048576K
}
Event: 36.376 GC heap before
{Heap before GC invocations=350 (full 15):
 PSYoungGen      total 13824K, used 13507K [0x00000000eab00000, 0x00000000ec000000, 0x0000000100000000)
  eden space 9216K, 98% used [0x00000000eab00000,0x00000000eb3dca90,0x00000000eb400000)
  from space 4608K, 96% used [0x00000000eb400000,0x00000000eb854180,0x00000000eb880000)
  to   space 5632K, 0% used [0x00000000eba80000,0x00000000eba80000,0x00000000ec000000)
 ParOldGen       total 364032K, used 321039K [0x00000000c0000000, 0x00000000d6380000, 0x00000000eab00000)
  object space 364032K, 88% used [0x00000000c0000000,0x00000000d3983f50,0x00000000d6380000)
 Metaspace       used 75424K, committed 76736K, reserved 1179648K
  class space    used 7887K, committed 8512K, reserved 1048576K
}
Event: 36.382 GC heap after
{Heap after GC invocations=350 (full 15):
 PSYoungGen      total 13824K, used 5600K [0x00000000eab00000, 0x00000000ec400000, 0x0000000100000000)
  eden space 8192K, 0% used [0x00000000eab00000,0x00000000eab00000,0x00000000eb300000)
  from space 5632K, 99% used [0x00000000eba80000,0x00000000ebff80f8,0x00000000ec000000)
  to   space 7680K, 0% used [0x00000000eb300000,0x00000000eb300000,0x00000000eba80000)
 ParOldGen       total 364032K, used 322490K [0x00000000c0000000, 0x00000000d6380000, 0x00000000eab00000)
  object space 364032K, 88% used [0x00000000c0000000,0x00000000d3aee8a0,0x00000000d6380000)
 Metaspace       used 75424K, committed 76736K, reserved 1179648K
  class space    used 7887K, committed 8512K, reserved 1048576K
}
Event: 36.398 GC heap before
{Heap before GC invocations=351 (full 15):
 PSYoungGen      total 13824K, used 13792K [0x00000000eab00000, 0x00000000ec400000, 0x0000000100000000)
  eden space 8192K, 99% used [0x00000000eab00000,0x00000000eb2fffd0,0x00000000eb300000)
  from space 5632K, 99% used [0x00000000eba80000,0x00000000ebff80f8,0x00000000ec000000)
  to   space 7680K, 0% used [0x00000000eb300000,0x00000000eb300000,0x00000000eba80000)
 ParOldGen       total 364032K, used 322490K [0x00000000c0000000, 0x00000000d6380000, 0x00000000eab00000)
  object space 364032K, 88% used [0x00000000c0000000,0x00000000d3aee8a0,0x00000000d6380000)
 Metaspace       used 75424K, committed 76736K, reserved 1179648K
  class space    used 7887K, committed 8512K, reserved 1048576K
}
Event: 36.405 GC heap after
{Heap after GC invocations=351 (full 15):
 PSYoungGen      total 12288K, used 3988K [0x00000000eab00000, 0x00000000ebe00000, 0x0000000100000000)
  eden space 8192K, 0% used [0x00000000eab00000,0x00000000eab00000,0x00000000eb300000)
  from space 4096K, 97% used [0x00000000eb300000,0x00000000eb6e5168,0x00000000eb700000)
  to   space 5120K, 0% used [0x00000000eb900000,0x00000000eb900000,0x00000000ebe00000)
 ParOldGen       total 364032K, used 325929K [0x00000000c0000000, 0x00000000d6380000, 0x00000000eab00000)
  object space 364032K, 89% used [0x00000000c0000000,0x00000000d3e4a498,0x00000000d6380000)
 Metaspace       used 75424K, committed 76736K, reserved 1179648K
  class space    used 7887K, committed 8512K, reserved 1048576K
}
Event: 36.427 GC heap before
{Heap before GC invocations=352 (full 15):
 PSYoungGen      total 12288K, used 12180K [0x00000000eab00000, 0x00000000ebe00000, 0x0000000100000000)
  eden space 8192K, 100% used [0x00000000eab00000,0x00000000eb300000,0x00000000eb300000)
  from space 4096K, 97% used [0x00000000eb300000,0x00000000eb6e5168,0x00000000eb700000)
  to   space 5120K, 0% used [0x00000000eb900000,0x00000000eb900000,0x00000000ebe00000)
 ParOldGen       total 364032K, used 325929K [0x00000000c0000000, 0x00000000d6380000, 0x00000000eab00000)
  object space 364032K, 89% used [0x00000000c0000000,0x00000000d3e4a498,0x00000000d6380000)
 Metaspace       used 75424K, committed 76736K, reserved 1179648K
  class space    used 7887K, committed 8512K, reserved 1048576K
}
Event: 36.430 GC heap after
{Heap after GC invocations=352 (full 15):
 PSYoungGen      total 13824K, used 5114K [0x00000000eab00000, 0x00000000ebf00000, 0x0000000100000000)
  eden space 8704K, 0% used [0x00000000eab00000,0x00000000eab00000,0x00000000eb380000)
  from space 5120K, 99% used [0x00000000eb900000,0x00000000ebdfebd8,0x00000000ebe00000)
  to   space 5632K, 0% used [0x00000000eb380000,0x00000000eb380000,0x00000000eb900000)
 ParOldGen       total 364032K, used 326282K [0x00000000c0000000, 0x00000000d6380000, 0x00000000eab00000)
  object space 364032K, 89% used [0x00000000c0000000,0x00000000d3ea2b70,0x00000000d6380000)
 Metaspace       used 75424K, committed 76736K, reserved 1179648K
  class space    used 7887K, committed 8512K, reserved 1048576K
}
Event: 36.581 GC heap before
{Heap before GC invocations=353 (full 15):
 PSYoungGen      total 13824K, used 13793K [0x00000000eab00000, 0x00000000ebf00000, 0x0000000100000000)
  eden space 8704K, 99% used [0x00000000eab00000,0x00000000eb379a18,0x00000000eb380000)
  from space 5120K, 99% used [0x00000000eb900000,0x00000000ebdfebd8,0x00000000ebe00000)
  to   space 5632K, 0% used [0x00000000eb380000,0x00000000eb380000,0x00000000eb900000)
 ParOldGen       total 364032K, used 326282K [0x00000000c0000000, 0x00000000d6380000, 0x00000000eab00000)
  object space 364032K, 89% used [0x00000000c0000000,0x00000000d3ea2b70,0x00000000d6380000)
 Metaspace       used 75424K, committed 76736K, reserved 1179648K
  class space    used 7887K, committed 8512K, reserved 1048576K
}
Event: 36.585 GC heap after
{Heap after GC invocations=353 (full 15):
 PSYoungGen      total 14336K, used 5407K [0x00000000eab00000, 0x00000000ebf80000, 0x0000000100000000)
  eden space 8704K, 0% used [0x00000000eab00000,0x00000000eab00000,0x00000000eb380000)
  from space 5632K, 96% used [0x00000000eb380000,0x00000000eb8c7e18,0x00000000eb900000)
  to   space 5632K, 0% used [0x00000000eba00000,0x00000000eba00000,0x00000000ebf80000)
 ParOldGen       total 364032K, used 326282K [0x00000000c0000000, 0x00000000d6380000, 0x00000000eab00000)
  object space 364032K, 89% used [0x00000000c0000000,0x00000000d3ea2b70,0x00000000d6380000)
 Metaspace       used 75424K, committed 76736K, reserved 1179648K
  class space    used 7887K, committed 8512K, reserved 1048576K
}
Event: 36.630 GC heap before
{Heap before GC invocations=354 (full 15):
 PSYoungGen      total 14336K, used 14108K [0x00000000eab00000, 0x00000000ebf80000, 0x0000000100000000)
  eden space 8704K, 99% used [0x00000000eab00000,0x00000000eb37f408,0x00000000eb380000)
  from space 5632K, 96% used [0x00000000eb380000,0x00000000eb8c7e18,0x00000000eb900000)
  to   space 5632K, 0% used [0x00000000eba00000,0x00000000eba00000,0x00000000ebf80000)
 ParOldGen       total 364032K, used 326327K [0x00000000c0000000, 0x00000000d6380000, 0x00000000eab00000)
  object space 364032K, 89% used [0x00000000c0000000,0x00000000d3eade20,0x00000000d6380000)
 Metaspace       used 75424K, committed 76736K, reserved 1179648K
  class space    used 7887K, committed 8512K, reserved 1048576K
}
Event: 36.637 GC heap after
{Heap after GC invocations=354 (full 15):
 PSYoungGen      total 13824K, used 5627K [0x00000000eab00000, 0x00000000ec280000, 0x0000000100000000)
  eden space 8192K, 0% used [0x00000000eab00000,0x00000000eab00000,0x00000000eb300000)
  from space 5632K, 99% used [0x00000000eba00000,0x00000000ebf7ecb0,0x00000000ebf80000)
  to   space 7168K, 0% used [0x00000000eb300000,0x00000000eb300000,0x00000000eba00000)
 ParOldGen       total 364032K, used 327545K [0x00000000c0000000, 0x00000000d6380000, 0x00000000eab00000)
  object space 364032K, 89% used [0x00000000c0000000,0x00000000d3fde428,0x00000000d6380000)
 Metaspace       used 75424K, committed 76736K, reserved 1179648K
  class space    used 7887K, committed 8512K, reserved 1048576K
}

Dll operation events (10 events):
Event: 0.011 Loaded shared library c:\Users\khong\.vscode\extensions\redhat.java-1.36.0-win32-x64\jre\17.0.13-win32-x86_64\bin\java.dll
Event: 0.550 Loaded shared library c:\Users\khong\.vscode\extensions\redhat.java-1.36.0-win32-x64\jre\17.0.13-win32-x86_64\bin\zip.dll
Event: 0.553 Loaded shared library C:\Users\khong\.vscode\extensions\redhat.java-1.36.0-win32-x64\jre\17.0.13-win32-x86_64\bin\instrument.dll
Event: 0.574 Loaded shared library C:\Users\khong\.vscode\extensions\redhat.java-1.36.0-win32-x64\jre\17.0.13-win32-x86_64\bin\net.dll
Event: 0.576 Loaded shared library C:\Users\khong\.vscode\extensions\redhat.java-1.36.0-win32-x64\jre\17.0.13-win32-x86_64\bin\nio.dll
Event: 0.592 Loaded shared library C:\Users\khong\.vscode\extensions\redhat.java-1.36.0-win32-x64\jre\17.0.13-win32-x86_64\bin\zip.dll
Event: 0.628 Loaded shared library C:\Users\khong\.vscode\extensions\redhat.java-1.36.0-win32-x64\jre\17.0.13-win32-x86_64\bin\jimage.dll
Event: 0.716 Loaded shared library c:\Users\khong\.vscode\extensions\redhat.java-1.36.0-win32-x64\jre\17.0.13-win32-x86_64\bin\verify.dll
Event: 2.081 Loaded shared library C:\Users\khong\AppData\Roaming\Code\User\globalStorage\redhat.java\1.36.0\config_win\org.eclipse.equinox.launcher\org.eclipse.equinox.launcher.win32.win32.x86_64_1.2.1100.v20240722-2106\eclipse_11904.dll
Event: 4.161 Loaded shared library C:\Users\khong\AppData\Local\Temp\jna-102025195\jna3574254964915784042.dll

Deoptimization events (20 events):
Event: 36.595 Thread 0x000001d0e81c52a0 DEOPT PACKING pc=0x000001d0d1764185 sp=0x00000062666fea40
Event: 36.595 Thread 0x000001d0e81c52a0 DEOPT UNPACKING pc=0x000001d0d7cba9e3 sp=0x00000062666fdfc8 mode 0
Event: 36.601 Thread 0x000001d0e8f549c0 DEOPT PACKING pc=0x000001d0d1764185 sp=0x00000062671fce00
Event: 36.601 Thread 0x000001d0e8f549c0 DEOPT UNPACKING pc=0x000001d0d7cba9e3 sp=0x00000062671fc388 mode 0
Event: 36.606 Thread 0x000001d0e81c52a0 DEOPT PACKING pc=0x000001d0d1764185 sp=0x00000062666fea40
Event: 36.606 Thread 0x000001d0e81c52a0 DEOPT UNPACKING pc=0x000001d0d7cba9e3 sp=0x00000062666fdfc8 mode 0
Event: 36.617 Thread 0x000001d0e81c52a0 DEOPT PACKING pc=0x000001d0d1764185 sp=0x00000062666fea40
Event: 36.617 Thread 0x000001d0e81c52a0 DEOPT UNPACKING pc=0x000001d0d7cba9e3 sp=0x00000062666fdfc8 mode 0
Event: 36.620 Thread 0x000001d0e81c52a0 DEOPT PACKING pc=0x000001d0d1764185 sp=0x00000062666fea40
Event: 36.620 Thread 0x000001d0e81c52a0 DEOPT UNPACKING pc=0x000001d0d7cba9e3 sp=0x00000062666fdfc8 mode 0
Event: 36.625 Thread 0x000001d0e81c52a0 DEOPT PACKING pc=0x000001d0d1764185 sp=0x00000062666fea40
Event: 36.625 Thread 0x000001d0e81c52a0 DEOPT UNPACKING pc=0x000001d0d7cba9e3 sp=0x00000062666fdfc8 mode 0
Event: 36.627 Thread 0x000001d0e81c52a0 DEOPT PACKING pc=0x000001d0d1764185 sp=0x00000062666fea40
Event: 36.627 Thread 0x000001d0e81c52a0 DEOPT UNPACKING pc=0x000001d0d7cba9e3 sp=0x00000062666fdfc8 mode 0
Event: 36.638 Thread 0x000001d0e81c52a0 DEOPT PACKING pc=0x000001d0d1764185 sp=0x00000062666fea40
Event: 36.638 Thread 0x000001d0e81c52a0 DEOPT UNPACKING pc=0x000001d0d7cba9e3 sp=0x00000062666fdfc8 mode 0
Event: 36.640 Thread 0x000001d0e81c52a0 DEOPT PACKING pc=0x000001d0d1764185 sp=0x00000062666fea40
Event: 36.640 Thread 0x000001d0e81c52a0 DEOPT UNPACKING pc=0x000001d0d7cba9e3 sp=0x00000062666fdfc8 mode 0
Event: 36.642 Thread 0x000001d0e81c52a0 DEOPT PACKING pc=0x000001d0d1764185 sp=0x00000062666fea40
Event: 36.642 Thread 0x000001d0e81c52a0 DEOPT UNPACKING pc=0x000001d0d7cba9e3 sp=0x00000062666fdfc8 mode 0

Classes loaded (20 events):
Event: 21.019 Loading class com/sun/org/apache/xerces/internal/xni/XNIException
Event: 21.020 Loading class com/sun/org/apache/xerces/internal/xni/XNIException done
Event: 21.020 Loading class com/sun/org/apache/xerces/internal/xni/parser/XMLParseException
Event: 21.020 Loading class com/sun/org/apache/xerces/internal/xni/parser/XMLParseException done
Event: 21.027 Loading class java/util/Hashtable$KeySet
Event: 21.028 Loading class java/util/Hashtable$KeySet done
Event: 21.307 Loading class java/lang/invoke/MethodHandleImpl$CountingWrapper$1
Event: 21.307 Loading class java/lang/invoke/MethodHandleImpl$CountingWrapper$1 done
Event: 21.509 Loading class java/io/FileReader
Event: 21.509 Loading class java/io/FileReader done
Event: 21.544 Loading class java/lang/UnsupportedClassVersionError
Event: 21.544 Loading class java/lang/UnsupportedClassVersionError done
Event: 21.558 Loading class jdk/internal/reflect/UnsafeQualifiedStaticIntegerFieldAccessorImpl
Event: 21.559 Loading class jdk/internal/reflect/UnsafeQualifiedStaticIntegerFieldAccessorImpl done
Event: 32.226 Loading class sun/nio/cs/ISO_8859_1$Encoder
Event: 32.236 Loading class sun/nio/cs/ISO_8859_1$Encoder done
Event: 32.236 Loading class sun/nio/cs/Surrogate$Parser
Event: 32.238 Loading class sun/nio/cs/Surrogate$Parser done
Event: 32.238 Loading class sun/nio/cs/Surrogate
Event: 32.240 Loading class sun/nio/cs/Surrogate done

Classes unloaded (14 events):
Event: 6.226 Thread 0x000001d0e18d48a0 Unloading class 0x0000000100252000 'java/lang/invoke/LambdaForm$MH+0x0000000100252000'
Event: 6.226 Thread 0x000001d0e18d48a0 Unloading class 0x0000000100251c00 'java/lang/invoke/LambdaForm$MH+0x0000000100251c00'
Event: 6.226 Thread 0x000001d0e18d48a0 Unloading class 0x0000000100251800 'java/lang/invoke/LambdaForm$MH+0x0000000100251800'
Event: 6.226 Thread 0x000001d0e18d48a0 Unloading class 0x0000000100251400 'java/lang/invoke/LambdaForm$MH+0x0000000100251400'
Event: 6.226 Thread 0x000001d0e18d48a0 Unloading class 0x0000000100251000 'java/lang/invoke/LambdaForm$BMH+0x0000000100251000'
Event: 6.226 Thread 0x000001d0e18d48a0 Unloading class 0x0000000100250c00 'java/lang/invoke/LambdaForm$DMH+0x0000000100250c00'
Event: 6.226 Thread 0x000001d0e18d48a0 Unloading class 0x000000010024c400 'java/lang/invoke/LambdaForm$DMH+0x000000010024c400'
Event: 18.686 Thread 0x000001d0e18d48a0 Unloading class 0x0000000100748800 'java/lang/invoke/LambdaForm$MH+0x0000000100748800'
Event: 18.686 Thread 0x000001d0e18d48a0 Unloading class 0x0000000100748000 'java/lang/invoke/LambdaForm$DMH+0x0000000100748000'
Event: 21.161 Thread 0x000001d0e18d48a0 Unloading class 0x00000001007ae000 'java/lang/invoke/LambdaForm$MH+0x00000001007ae000'
Event: 21.161 Thread 0x000001d0e18d48a0 Unloading class 0x00000001007ad400 'java/lang/invoke/LambdaForm$MH+0x00000001007ad400'
Event: 21.161 Thread 0x000001d0e18d48a0 Unloading class 0x00000001007acc00 'java/lang/invoke/LambdaForm$MH+0x00000001007acc00'
Event: 21.161 Thread 0x000001d0e18d48a0 Unloading class 0x00000001007ac400 'java/lang/invoke/LambdaForm$MH+0x00000001007ac400'
Event: 25.326 Thread 0x000001d0e18d48a0 Unloading class 0x000000010082c400 'java/lang/invoke/LambdaForm$DMH+0x000000010082c400'

Classes redefined (0 events):
No events

Internal exceptions (20 events):
Event: 25.118 Thread 0x000001d0e81c4880 Exception <a 'sun/nio/fs/WindowsException'{0x00000000eaf16440}> (0x00000000eaf16440) 
thrown [s\src\hotspot\share\prims\jni.cpp, line 516]
Event: 25.119 Thread 0x000001d0e81c4880 Exception <a 'sun/nio/fs/WindowsException'{0x00000000eaf16f78}> (0x00000000eaf16f78) 
thrown [s\src\hotspot\share\prims\jni.cpp, line 516]
Event: 25.119 Thread 0x000001d0e81c4880 Exception <a 'sun/nio/fs/WindowsException'{0x00000000eaf191a0}> (0x00000000eaf191a0) 
thrown [s\src\hotspot\share\prims\jni.cpp, line 516]
Event: 25.119 Thread 0x000001d0e81c4880 Exception <a 'sun/nio/fs/WindowsException'{0x00000000eaf19cf0}> (0x00000000eaf19cf0) 
thrown [s\src\hotspot\share\prims\jni.cpp, line 516]
Event: 25.122 Thread 0x000001d0e81c4880 Exception <a 'sun/nio/fs/WindowsException'{0x00000000eafaa8f8}> (0x00000000eafaa8f8) 
thrown [s\src\hotspot\share\prims\jni.cpp, line 516]
Event: 25.122 Thread 0x000001d0e81c4880 Exception <a 'sun/nio/fs/WindowsException'{0x00000000eafb3158}> (0x00000000eafb3158) 
thrown [s\src\hotspot\share\prims\jni.cpp, line 516]
Event: 26.108 Thread 0x000001d0e8f590a0 Exception <a 'sun/nio/fs/WindowsException'{0x00000000eafe1440}> (0x00000000eafe1440) 
thrown [s\src\hotspot\share\prims\jni.cpp, line 516]
Event: 26.108 Thread 0x000001d0e8f590a0 Exception <a 'sun/nio/fs/WindowsException'{0x00000000eafe4698}> (0x00000000eafe4698) 
thrown [s\src\hotspot\share\prims\jni.cpp, line 516]
Event: 26.108 Thread 0x000001d0e8f590a0 Exception <a 'sun/nio/fs/WindowsException'{0x00000000eaffd798}> (0x00000000eaffd798) 
thrown [s\src\hotspot\share\prims\jni.cpp, line 516]
Event: 26.108 Thread 0x000001d0e8f590a0 Exception <a 'sun/nio/fs/WindowsException'{0x00000000eb015ef8}> (0x00000000eb015ef8) 
thrown [s\src\hotspot\share\prims\jni.cpp, line 516]
Event: 26.109 Thread 0x000001d0e8f590a0 Exception <a 'sun/nio/fs/WindowsException'{0x00000000eb047940}> (0x00000000eb047940) 
thrown [s\src\hotspot\share\prims\jni.cpp, line 516]
Event: 26.109 Thread 0x000001d0e8f590a0 Exception <a 'sun/nio/fs/WindowsException'{0x00000000eb0485f0}> (0x00000000eb0485f0) 
thrown [s\src\hotspot\share\prims\jni.cpp, line 516]
Event: 26.118 Thread 0x000001d0e8f590a0 Exception <a 'sun/nio/fs/WindowsException'{0x00000000eab27208}> (0x00000000eab27208) 
thrown [s\src\hotspot\share\prims\jni.cpp, line 516]
Event: 26.118 Thread 0x000001d0e8f590a0 Exception <a 'sun/nio/fs/WindowsException'{0x00000000eab27fb8}> (0x00000000eab27fb8) 
thrown [s\src\hotspot\share\prims\jni.cpp, line 516]
Event: 28.304 Thread 0x000001d0e8f549c0 Exception <a 'java/lang/ArrayIndexOutOfBoundsException'{0x00000000eaca3b60}: Index 361 out of bounds for length 361> (0x00000000eaca3b60) 
thrown [s\src\hotspot\share\interpreter\interpreterRuntime.cpp, line 428]
Event: 28.304 Thread 0x000001d0e8f549c0 Exception <a 'java/lang/ArrayIndexOutOfBoundsException'{0x00000000eaccd5a8}: Index 361 out of bounds for length 361> (0x00000000eaccd5a8) 
thrown [s\src\hotspot\share\interpreter\interpreterRuntime.cpp, line 428]
Event: 28.304 Thread 0x000001d0e8f549c0 Exception <a 'java/lang/ArrayIndexOutOfBoundsException'{0x00000000eaccd930}: Index 362 out of bounds for length 361> (0x00000000eaccd930) 
thrown [s\src\hotspot\share\interpreter\interpreterRuntime.cpp, line 428]
Event: 34.898 Thread 0x000001d0e8f549c0 Exception <a 'java/lang/ArrayIndexOutOfBoundsException'{0x00000000eb414c88}: Index 369 out of bounds for length 369> (0x00000000eb414c88) 
thrown [s\src\hotspot\share\interpreter\interpreterRuntime.cpp, line 428]
Event: 34.898 Thread 0x000001d0e8f549c0 Exception <a 'java/lang/ArrayIndexOutOfBoundsException'{0x00000000eb4152b8}: Index 369 out of bounds for length 369> (0x00000000eb4152b8) 
thrown [s\src\hotspot\share\interpreter\interpreterRuntime.cpp, line 428]
Event: 34.898 Thread 0x000001d0e8f549c0 Exception <a 'java/lang/ArrayIndexOutOfBoundsException'{0x00000000eb415640}: Index 370 out of bounds for length 369> (0x00000000eb415640) 
thrown [s\src\hotspot\share\interpreter\interpreterRuntime.cpp, line 428]

VM Operations (20 events):
Event: 36.241 Executing VM operation: ParallelGCFailedAllocation
Event: 36.245 Executing VM operation: ParallelGCFailedAllocation done
Event: 36.271 Executing VM operation: ParallelGCFailedAllocation
Event: 36.279 Executing VM operation: ParallelGCFailedAllocation done
Event: 36.307 Executing VM operation: ParallelGCFailedAllocation
Event: 36.312 Executing VM operation: ParallelGCFailedAllocation done
Event: 36.353 Executing VM operation: ParallelGCFailedAllocation
Event: 36.359 Executing VM operation: ParallelGCFailedAllocation done
Event: 36.375 Executing VM operation: ParallelGCFailedAllocation
Event: 36.382 Executing VM operation: ParallelGCFailedAllocation done
Event: 36.398 Executing VM operation: ParallelGCFailedAllocation
Event: 36.405 Executing VM operation: ParallelGCFailedAllocation done
Event: 36.427 Executing VM operation: ParallelGCFailedAllocation
Event: 36.430 Executing VM operation: ParallelGCFailedAllocation done
Event: 36.522 Executing VM operation: ParallelGCFailedAllocation
Event: 36.585 Executing VM operation: ParallelGCFailedAllocation done
Event: 36.629 Executing VM operation: ParallelGCFailedAllocation
Event: 36.629 Executing VM operation: ParallelGCFailedAllocation done
Event: 36.629 Executing VM operation: ParallelGCSystemGC
Event: 36.637 Executing VM operation: ParallelGCSystemGC done

Memory protections (0 events):
No events

Nmethod flushes (20 events):
Event: 35.842 Thread 0x000001d0e6aef2e0 flushing  nmethod 0x000001d0d1b6e590
Event: 35.842 Thread 0x000001d0e6aef2e0 flushing  nmethod 0x000001d0d1b85d90
Event: 35.842 Thread 0x000001d0e6aef2e0 flushing  nmethod 0x000001d0d1c18c10
Event: 35.843 Thread 0x000001d0e6aef2e0 flushing  nmethod 0x000001d0d1c33610
Event: 35.843 Thread 0x000001d0e6aef2e0 flushing  nmethod 0x000001d0d1c38390
Event: 35.843 Thread 0x000001d0e6aef2e0 flushing  nmethod 0x000001d0d1c65710
Event: 35.843 Thread 0x000001d0e6aef2e0 flushing  nmethod 0x000001d0d1c81810
Event: 35.843 Thread 0x000001d0e6aef2e0 flushing  nmethod 0x000001d0d1c9d710
Event: 35.843 Thread 0x000001d0e6aef2e0 flushing  nmethod 0x000001d0d1d08510
Event: 35.843 Thread 0x000001d0e6aef2e0 flushing  nmethod 0x000001d0d1d09110
Event: 35.843 Thread 0x000001d0e6aef2e0 flushing  nmethod 0x000001d0d1d0df90
Event: 35.843 Thread 0x000001d0e6aef2e0 flushing  nmethod 0x000001d0d1d11d90
Event: 35.843 Thread 0x000001d0e6aef2e0 flushing  nmethod 0x000001d0d1d14b90
Event: 35.843 Thread 0x000001d0e6aef2e0 flushing  nmethod 0x000001d0d1d39090
Event: 35.843 Thread 0x000001d0e6aef2e0 flushing  nmethod 0x000001d0d1d5e290
Event: 35.843 Thread 0x000001d0e6aef2e0 flushing  nmethod 0x000001d0d1d65e10
Event: 35.843 Thread 0x000001d0e6aef2e0 flushing  nmethod 0x000001d0d1d66f10
Event: 35.843 Thread 0x000001d0e6aef2e0 flushing  nmethod 0x000001d0d1d6fe10
Event: 35.843 Thread 0x000001d0e6aef2e0 flushing  nmethod 0x000001d0d1d70a10
Event: 35.843 Thread 0x000001d0e6aef2e0 flushing  nmethod 0x000001d0d1d98390

Events (20 events):
Event: 19.371 Thread 0x000001d0e8f595b0 Thread added: 0x000001d0e8f54ed0
Event: 19.371 Thread 0x000001d0e8f595b0 Thread added: 0x000001d0e8f5af00
Event: 19.371 Thread 0x000001d0e8f595b0 Thread added: 0x000001d0e8f56d30
Event: 19.371 Thread 0x000001d0e8f595b0 Thread added: 0x000001d0e8f590a0
Event: 19.439 Thread 0x000001d0e8f590a0 Thread exited: 0x000001d0e8f590a0
Event: 19.440 Thread 0x000001d0e8f56d30 Thread exited: 0x000001d0e8f56d30
Event: 19.440 Thread 0x000001d0e8f5af00 Thread exited: 0x000001d0e8f5af00
Event: 19.440 Thread 0x000001d0e81c57b0 Thread exited: 0x000001d0e81c57b0
Event: 19.440 Thread 0x000001d0e8f54ed0 Thread exited: 0x000001d0e8f54ed0
Event: 20.442 Thread 0x000001d0e8f549c0 Thread added: 0x000001d0e8f590a0
Event: 20.458 Thread 0x000001d0e8f590a0 Thread added: 0x000001d0e8f56d30
Event: 20.503 Thread 0x000001d0e8f56d30 Thread added: 0x000001d0e8f5a4e0
Event: 20.805 Thread 0x000001d0e81c6bf0 Thread added: 0x000001d0e8f5af00
Event: 21.089 Thread 0x000001d0e81c4880 Thread added: 0x000001d0e8f54ed0
Event: 22.671 Thread 0x000001d0e78d2020 Thread exited: 0x000001d0e78d2020
Event: 23.468 Thread 0x000001d0e6aec610 Thread added: 0x000001d0e78d2020
Event: 25.434 Thread 0x000001d0e78d2020 Thread exited: 0x000001d0e78d2020
Event: 25.536 Thread 0x000001d0e6aec610 Thread added: 0x000001d0e78d2020
Event: 26.104 Thread 0x000001d0e8f54ed0 Thread exited: 0x000001d0e8f54ed0
Event: 27.036 Thread 0x000001d0e78d2020 Thread exited: 0x000001d0e78d2020


Dynamic libraries:
0x00007ff788740000 - 0x00007ff78874e000 	c:\Users\khong\.vscode\extensions\redhat.java-1.36.0-win32-x64\jre\17.0.13-win32-x86_64\bin\java.exe
0x00007ffbcc1b0000 - 0x00007ffbcc3c7000 	C:\WINDOWS\SYSTEM32\ntdll.dll
0x00007ffbcaac0000 - 0x00007ffbcab84000 	C:\WINDOWS\System32\KERNEL32.DLL
0x00007ffbc9600000 - 0x00007ffbc99b7000 	C:\WINDOWS\System32\KERNELBASE.dll
0x00007ffbc99c0000 - 0x00007ffbc9ad1000 	C:\WINDOWS\System32\ucrtbase.dll
0x00007ffbaf360000 - 0x00007ffbaf377000 	c:\Users\khong\.vscode\extensions\redhat.java-1.36.0-win32-x64\jre\17.0.13-win32-x86_64\bin\jli.dll
0x00007ffbc9f90000 - 0x00007ffbca13f000 	C:\WINDOWS\System32\USER32.dll
0x00007ffbc9ae0000 - 0x00007ffbc9b06000 	C:\WINDOWS\System32\win32u.dll
0x00007ffbcbf60000 - 0x00007ffbcbf89000 	C:\WINDOWS\System32\GDI32.dll
0x00007ffbc9dc0000 - 0x00007ffbc9ed8000 	C:\WINDOWS\System32\gdi32full.dll
0x00007ffbc9d20000 - 0x00007ffbc9dba000 	C:\WINDOWS\System32\msvcp_win.dll
0x00007ffbae5c0000 - 0x00007ffbae5de000 	c:\Users\khong\.vscode\extensions\redhat.java-1.36.0-win32-x64\jre\17.0.13-win32-x86_64\bin\VCRUNTIME140.dll
0x00007ffba85a0000 - 0x00007ffba8833000 	C:\WINDOWS\WinSxS\amd64_microsoft.windows.common-controls_6595b64144ccf1df_6.0.22621.3672_none_2713b9d173822955\COMCTL32.dll
0x00007ffbca470000 - 0x00007ffbca517000 	C:\WINDOWS\System32\msvcrt.dll
0x00007ffbcab90000 - 0x00007ffbcabc1000 	C:\WINDOWS\System32\IMM32.DLL
0x00007ffbc20d0000 - 0x00007ffbc20dc000 	c:\Users\khong\.vscode\extensions\redhat.java-1.36.0-win32-x64\jre\17.0.13-win32-x86_64\bin\vcruntime140_1.dll
0x00007ffb7d6d0000 - 0x00007ffb7d75d000 	c:\Users\khong\.vscode\extensions\redhat.java-1.36.0-win32-x64\jre\17.0.13-win32-x86_64\bin\msvcp140.dll
0x00007ffb6bef0000 - 0x00007ffb6cb5b000 	c:\Users\khong\.vscode\extensions\redhat.java-1.36.0-win32-x64\jre\17.0.13-win32-x86_64\bin\server\jvm.dll
0x00007ffbca5a0000 - 0x00007ffbca652000 	C:\WINDOWS\System32\ADVAPI32.dll
0x00007ffbc9ee0000 - 0x00007ffbc9f88000 	C:\WINDOWS\System32\sechost.dll
0x00007ffbc9c80000 - 0x00007ffbc9ca8000 	C:\WINDOWS\System32\bcrypt.dll
0x00007ffbcbf90000 - 0x00007ffbcc0a4000 	C:\WINDOWS\System32\RPCRT4.dll
0x00007ffbca520000 - 0x00007ffbca591000 	C:\WINDOWS\System32\WS2_32.dll
0x00007ffbc9390000 - 0x00007ffbc93dd000 	C:\WINDOWS\SYSTEM32\POWRPROF.dll
0x00007ffbc1f90000 - 0x00007ffbc1fc4000 	C:\WINDOWS\SYSTEM32\WINMM.dll
0x00007ffbbe130000 - 0x00007ffbbe13a000 	C:\WINDOWS\SYSTEM32\VERSION.dll
0x00007ffbc9370000 - 0x00007ffbc9383000 	C:\WINDOWS\SYSTEM32\UMPDC.dll
0x00007ffbc84e0000 - 0x00007ffbc84f8000 	C:\WINDOWS\SYSTEM32\kernel.appcore.dll
0x00007ffbb2d90000 - 0x00007ffbb2d9a000 	c:\Users\khong\.vscode\extensions\redhat.java-1.36.0-win32-x64\jre\17.0.13-win32-x86_64\bin\jimage.dll
0x00007ffbc6d00000 - 0x00007ffbc6f32000 	C:\WINDOWS\SYSTEM32\DBGHELP.DLL
0x00007ffbca710000 - 0x00007ffbcaa9e000 	C:\WINDOWS\System32\combase.dll
0x00007ffbcbe80000 - 0x00007ffbcbf57000 	C:\WINDOWS\System32\OLEAUT32.dll
0x00007ffbbd0c0000 - 0x00007ffbbd0f2000 	C:\WINDOWS\SYSTEM32\dbgcore.DLL
0x00007ffbc9580000 - 0x00007ffbc95fb000 	C:\WINDOWS\System32\bcryptPrimitives.dll
0x00007ffbb2c20000 - 0x00007ffbb2c2e000 	c:\Users\khong\.vscode\extensions\redhat.java-1.36.0-win32-x64\jre\17.0.13-win32-x86_64\bin\instrument.dll
0x00007ffb9c340000 - 0x00007ffb9c365000 	c:\Users\khong\.vscode\extensions\redhat.java-1.36.0-win32-x64\jre\17.0.13-win32-x86_64\bin\java.dll
0x00007ffba1130000 - 0x00007ffba1148000 	c:\Users\khong\.vscode\extensions\redhat.java-1.36.0-win32-x64\jre\17.0.13-win32-x86_64\bin\zip.dll
0x00007ffbcabd0000 - 0x00007ffbcb439000 	C:\WINDOWS\System32\SHELL32.dll
0x00007ffbc73e0000 - 0x00007ffbc7cdf000 	C:\WINDOWS\SYSTEM32\windows.storage.dll
0x00007ffbc72a0000 - 0x00007ffbc73df000 	C:\WINDOWS\SYSTEM32\wintypes.dll
0x00007ffbca310000 - 0x00007ffbca409000 	C:\WINDOWS\System32\SHCORE.dll
0x00007ffbca410000 - 0x00007ffbca46e000 	C:\WINDOWS\System32\shlwapi.dll
0x00007ffbc93f0000 - 0x00007ffbc9417000 	C:\WINDOWS\SYSTEM32\profapi.dll
0x00007ffba1e80000 - 0x00007ffba1e99000 	C:\Users\khong\.vscode\extensions\redhat.java-1.36.0-win32-x64\jre\17.0.13-win32-x86_64\bin\net.dll
0x00007ffbc2c50000 - 0x00007ffbc2d86000 	C:\WINDOWS\SYSTEM32\WINHTTP.dll
0x00007ffbc8980000 - 0x00007ffbc89e9000 	C:\WINDOWS\system32\mswsock.dll
0x00007ffb9c120000 - 0x00007ffb9c136000 	C:\Users\khong\.vscode\extensions\redhat.java-1.36.0-win32-x64\jre\17.0.13-win32-x86_64\bin\nio.dll
0x00007ffbb1a90000 - 0x00007ffbb1aa0000 	c:\Users\khong\.vscode\extensions\redhat.java-1.36.0-win32-x64\jre\17.0.13-win32-x86_64\bin\verify.dll
0x00007ffb9a9a0000 - 0x00007ffb9a9e5000 	C:\Users\khong\AppData\Roaming\Code\User\globalStorage\redhat.java\1.36.0\config_win\org.eclipse.equinox.launcher\org.eclipse.equinox.launcher.win32.win32.x86_64_1.2.1100.v20240722-2106\eclipse_11904.dll
0x00007ffbcb550000 - 0x00007ffbcb6f5000 	C:\WINDOWS\System32\ole32.dll
0x00007ffbc8bd0000 - 0x00007ffbc8beb000 	C:\WINDOWS\SYSTEM32\CRYPTSP.dll
0x00007ffbc8440000 - 0x00007ffbc8475000 	C:\WINDOWS\system32\rsaenh.dll
0x00007ffbc8a70000 - 0x00007ffbc8a98000 	C:\WINDOWS\SYSTEM32\USERENV.dll
0x00007ffbc8bf0000 - 0x00007ffbc8bfc000 	C:\WINDOWS\SYSTEM32\CRYPTBASE.dll
0x00007ffbc7f40000 - 0x00007ffbc7f6d000 	C:\WINDOWS\SYSTEM32\IPHLPAPI.DLL
0x00007ffbca300000 - 0x00007ffbca309000 	C:\WINDOWS\System32\NSI.dll
0x00007ffbc1c50000 - 0x00007ffbc1c69000 	C:\WINDOWS\SYSTEM32\dhcpcsvc6.DLL
0x00007ffbc1c30000 - 0x00007ffbc1c4f000 	C:\WINDOWS\SYSTEM32\dhcpcsvc.DLL
0x00007ffbc7fb0000 - 0x00007ffbc80b2000 	C:\WINDOWS\SYSTEM32\DNSAPI.dll
0x00007ffb93130000 - 0x00007ffb93179000 	C:\Users\khong\AppData\Local\Temp\jna-102025195\jna3574254964915784042.dll
0x00007ffbcb800000 - 0x00007ffbcb808000 	C:\WINDOWS\System32\PSAPI.DLL

dbghelp: loaded successfully - version: 4.0.5 - missing functions: none
symbol engine: initialized successfully - sym options: 0x614 - pdb path: .;c:\Users\khong\.vscode\extensions\redhat.java-1.36.0-win32-x64\jre\17.0.13-win32-x86_64\bin;C:\WINDOWS\SYSTEM32;C:\WINDOWS\WinSxS\amd64_microsoft.windows.common-controls_6595b64144ccf1df_6.0.22621.3672_none_2713b9d173822955;c:\Users\khong\.vscode\extensions\redhat.java-1.36.0-win32-x64\jre\17.0.13-win32-x86_64\bin\server;C:\Users\khong\AppData\Roaming\Code\User\globalStorage\redhat.java\1.36.0\config_win\org.eclipse.equinox.launcher\org.eclipse.equinox.launcher.win32.win32.x86_64_1.2.1100.v20240722-2106;C:\Users\khong\AppData\Local\Temp\jna-102025195

VM Arguments:
jvm_args: --add-modules=ALL-SYSTEM --add-opens=java.base/java.util=ALL-UNNAMED --add-opens=java.base/java.lang=ALL-UNNAMED --add-opens=java.base/sun.nio.fs=ALL-UNNAMED -Declipse.application=org.eclipse.jdt.ls.core.id1 -Dosgi.bundles.defaultStartLevel=4 -Declipse.product=org.eclipse.jdt.ls.core.product -Djava.import.generatesMetadataFilesAtProjectRoot=false -DDetectVMInstallationsJob.disabled=true -Dfile.encoding=utf8 -XX:+UseParallelGC -XX:GCTimeRatio=4 -XX:AdaptiveSizePolicyWeight=90 -Dsun.zip.disableMemoryMapping=true -Xmx1G -Xms100m -Xlog:disable -javaagent:c:\Users\khong\.vscode\extensions\redhat.java-1.36.0-win32-x64\lombok\lombok-1.18.35.jar -XX:+HeapDumpOnOutOfMemoryError -XX:HeapDumpPath=c:\Users\khong\AppData\Roaming\Code\User\workspaceStorage\a5739c396c8fde81addecc575af19c5d\redhat.java -Daether.dependencyCollector.impl=bf 
java_command: c:\Users\khong\.vscode\extensions\redhat.java-1.36.0-win32-x64\server\plugins\org.eclipse.equinox.launcher_1.6.900.v20240613-2009.jar -configuration c:\Users\khong\AppData\Roaming\Code\User\globalStorage\redhat.java\1.36.0\config_win -data c:\Users\khong\AppData\Roaming\Code\User\workspaceStorage\a5739c396c8fde81addecc575af19c5d\redhat.java\jdt_ws --pipe=\\.\pipe\lsp-ee906d80356abc25663821b1b621917d-sock
java_class_path (initial): c:\Users\khong\.vscode\extensions\redhat.java-1.36.0-win32-x64\server\plugins\org.eclipse.equinox.launcher_1.6.900.v20240613-2009.jar
Launcher Type: SUN_STANDARD

[Global flags]
    uintx AdaptiveSizePolicyWeight                 = 90                                        {product} {command line}
     intx CICompilerCount                          = 3                                         {product} {ergonomic}
    uintx GCTimeRatio                              = 4                                         {product} {command line}
     bool HeapDumpOnOutOfMemoryError               = true                                   {manageable} {command line}
    ccstr HeapDumpPath                             = c:\Users\khong\AppData\Roaming\Code\User\workspaceStorage\a5739c396c8fde81addecc575af19c5d\redhat.java         {manageable} {command line}
   size_t InitialHeapSize                          = 104857600                                 {product} {command line}
   size_t MaxHeapSize                              = 1073741824                                {product} {command line}
   size_t MaxNewSize                               = 357564416                                 {product} {ergonomic}
   size_t MinHeapDeltaBytes                        = 524288                                    {product} {ergonomic}
   size_t MinHeapSize                              = 104857600                                 {product} {command line}
   size_t NewSize                                  = 34603008                                  {product} {ergonomic}
    uintx NonNMethodCodeHeapSize                   = 5832780                                {pd product} {ergonomic}
    uintx NonProfiledCodeHeapSize                  = 122912730                              {pd product} {ergonomic}
   size_t OldSize                                  = 70254592                                  {product} {ergonomic}
    uintx ProfiledCodeHeapSize                     = 122912730                              {pd product} {ergonomic}
    uintx ReservedCodeCacheSize                    = 251658240                              {pd product} {ergonomic}
     bool SegmentedCodeCache                       = true                                      {product} {ergonomic}
   size_t SoftMaxHeapSize                          = 1073741824                             {manageable} {ergonomic}
     bool UseCompressedClassPointers               = true                           {product lp64_product} {ergonomic}
     bool UseCompressedOops                        = true                           {product lp64_product} {ergonomic}
     bool UseLargePagesIndividualAllocation        = false                                  {pd product} {ergonomic}
     bool UseParallelGC                            = true                                      {product} {command line}

Logging:
Log output configuration:
 #0: stdout all=off uptime,level,tags
 #1: stderr all=off uptime,level,tags

Environment Variables:
PATH=C:\Program Files\Common Files\Oracle\Java\javapath;C:\WINDOWS\system32;C:\WINDOWS;C:\WINDOWS\System32\Wbem;C:\WINDOWS\System32\WindowsPowerShell\v1.0\;C:\WINDOWS\System32\OpenSSH\;C:\MinGW\bin;C:\Program Files\MiKTeX\miktex\bin\x64\;D:\JAVA\bin;C:\Program Files\Git\cmd;C:\Users\khong\cabal\bin;C:\Program Files\dotnet;C:\Program Files (x86)\Microsoft SQL Server\160\Tools\Binn\;C:\Program Files\Microsoft SQL Server\160\Tools\Binn\;C:\Program Files\Microsoft SQL Server\Client SDK\ODBC\170\Tools\Binn\;C:\Program Files\Microsoft SQL Server\160\DTS\Binn\;D:\Golang\bin;D:\GCC\bin;D:\GCC2\bin;C:\ProgramData\chocolatey\bin;D:\Node\node.exe;D:\Python\Scripts\;D:\Python\;C:\Program Files\Java\jdk-21\bin;C:\Program Files (x86)\Dev-Cpp\MinGW64\bin;C:\Program Files (x86)\mingw-w64\i686-8.1.0-posix-dwarf-rt_v6-rev0\mingw32\bin;C:\Program Files (x86)\Dev-Cpp\MinGW64\bin;D:\ghcup\bin;C:\Users\khong\AppData\Local\Programs\Microsoft VS Code\bin;C:\Users\khong\go\bin;D:\Tailwind;D:\Node\node.exe
USERNAME=khong
OS=Windows_NT
PROCESSOR_IDENTIFIER=Intel64 Family 6 Model 140 Stepping 1, GenuineIntel
TMP=C:\Users\khong\AppData\Local\Temp
TEMP=C:\Users\khong\AppData\Local\Temp



Periodic native trim disabled


---------------  S Y S T E M  ---------------

OS:
 Windows 11 , 64 bit Build 22621 (10.0.22621.3958)
OS uptime: 25 days 7:16 hours
Hyper-V role detected

CPU: total 4 (initial active 4) (2 cores per cpu, 2 threads per core) family 6 model 140 stepping 1 microcode 0xb8, cx8, cmov, fxsr, ht, mmx, 3dnowpref, sse, sse2, sse3, ssse3, sse4.1, sse4.2, popcnt, lzcnt, tsc, tscinvbit, avx, avx2, aes, erms, clmul, bmi1, bmi2, adx, avx512f, avx512dq, avx512cd, avx512bw, avx512vl, sha, fma, vzeroupper, avx512_vpopcntdq, avx512_vpclmulqdq, avx512_vaes, avx512_vnni, clflush, clflushopt, clwb, avx512_vbmi2, avx512_vbmi, hv
Processor Information for all 4 processors :
  Max Mhz: 2995, Current Mhz: 2995, Mhz Limit: 2995

Memory: 4k page, system-wide physical 7914M (222M free)
TotalPageFile size 19776M (AvailPageFile size 48M)
current process WorkingSet (physical memory assigned to process): 492M, peak: 509M
current process commit charge ("private bytes"): 615M, peak: 968M

vm_info: OpenJDK 64-Bit Server VM (17.0.13+11) for windows-amd64 JRE (17.0.13+11), built on Oct 16 2024 00:10:08 by "admin" with MS VC++ 17.7 (VS2022)

END.
